<?xml version="1.0" encoding="UTF-8"?>
<testsuite name="sample.web.ui.MessageControllerWebTests" tests="3" skipped="0" failures="0" errors="0" timestamp="2019-04-22T14:37:26" hostname="YIM-LAPTOP" time="1.139">
  <properties/>
  <testcase name="testHome" classname="sample.web.ui.MessageControllerWebTests" time="0.926"/>
  <testcase name="testCreateValidation" classname="sample.web.ui.MessageControllerWebTests" time="0.188"/>
  <testcase name="testCreate" classname="sample.web.ui.MessageControllerWebTests" time="0.022"/>
  <system-out><![CDATA[23:37:20.027 [Test worker] DEBUG org.springframework.test.context.junit4.SpringJUnit4ClassRunner - SpringJUnit4ClassRunner constructor called with [class sample.web.ui.MessageControllerWebTests]
23:37:20.038 [Test worker] DEBUG org.springframework.test.context.BootstrapUtils - Instantiating CacheAwareContextLoaderDelegate from class [org.springframework.test.context.cache.DefaultCacheAwareContextLoaderDelegate]
23:37:20.051 [Test worker] DEBUG org.springframework.test.context.BootstrapUtils - Instantiating BootstrapContext using constructor [public org.springframework.test.context.support.DefaultBootstrapContext(java.lang.Class,org.springframework.test.context.CacheAwareContextLoaderDelegate)]
23:37:20.076 [Test worker] DEBUG org.springframework.test.context.BootstrapUtils - Instantiating TestContextBootstrapper for test class [sample.web.ui.MessageControllerWebTests] from class [org.springframework.test.context.web.WebTestContextBootstrapper]
23:37:20.108 [Test worker] DEBUG org.springframework.test.context.support.AbstractDelegatingSmartContextLoader - Delegating to AnnotationConfigWebContextLoader to process context configuration [ContextConfigurationAttributes@16b7444e declaringClass = 'sample.web.ui.MessageControllerWebTests', classes = '{class sample.web.ui.SampleWebUiApplication}', locations = '{}', inheritLocations = true, initializers = '{}', inheritInitializers = true, name = [null], contextLoaderClass = 'org.springframework.test.context.ContextLoader'].
23:37:20.183 [Test worker] DEBUG org.springframework.test.context.support.ActiveProfilesUtils - Could not find an 'annotation declaring class' for annotation type [org.springframework.test.context.ActiveProfiles] and class [sample.web.ui.MessageControllerWebTests]
23:37:20.184 [Test worker] DEBUG org.springframework.test.context.web.WebTestContextBootstrapper - @TestExecutionListeners is not present for class [sample.web.ui.MessageControllerWebTests]: using defaults.
23:37:20.185 [Test worker] INFO org.springframework.test.context.web.WebTestContextBootstrapper - Loaded default TestExecutionListener class names from location [META-INF/spring.factories]: [org.springframework.boot.test.autoconfigure.restdocs.RestDocsTestExecutionListener, org.springframework.boot.test.autoconfigure.web.client.MockRestServiceServerResetTestExecutionListener, org.springframework.boot.test.autoconfigure.web.servlet.MockMvcPrintOnlyOnFailureTestExecutionListener, org.springframework.boot.test.autoconfigure.web.servlet.WebDriverTestExecutionListener, org.springframework.boot.test.mock.mockito.MockitoTestExecutionListener, org.springframework.boot.test.mock.mockito.ResetMocksTestExecutionListener, org.springframework.test.context.web.ServletTestExecutionListener, org.springframework.test.context.support.DirtiesContextBeforeModesTestExecutionListener, org.springframework.test.context.support.DependencyInjectionTestExecutionListener, org.springframework.test.context.support.DirtiesContextTestExecutionListener, org.springframework.test.context.transaction.TransactionalTestExecutionListener, org.springframework.test.context.jdbc.SqlScriptsTestExecutionListener]
23:37:20.205 [Test worker] DEBUG org.springframework.test.context.web.WebTestContextBootstrapper - Skipping candidate TestExecutionListener [org.springframework.test.context.transaction.TransactionalTestExecutionListener] due to a missing dependency. Specify custom listener classes or make the default listener classes and their required dependencies available. Offending class: [org/springframework/transaction/interceptor/TransactionAttributeSource]
23:37:20.206 [Test worker] DEBUG org.springframework.test.context.web.WebTestContextBootstrapper - Skipping candidate TestExecutionListener [org.springframework.test.context.jdbc.SqlScriptsTestExecutionListener] due to a missing dependency. Specify custom listener classes or make the default listener classes and their required dependencies available. Offending class: [org/springframework/transaction/interceptor/TransactionAttribute]
23:37:20.206 [Test worker] INFO org.springframework.test.context.web.WebTestContextBootstrapper - Using TestExecutionListeners: [org.springframework.test.context.web.ServletTestExecutionListener@7f73a68e, org.springframework.test.context.support.DirtiesContextBeforeModesTestExecutionListener@20d3af98, org.springframework.boot.test.mock.mockito.MockitoTestExecutionListener@5a7af60f, org.springframework.test.context.support.DependencyInjectionTestExecutionListener@1195ed1a, org.springframework.test.context.support.DirtiesContextTestExecutionListener@73307e70, org.springframework.boot.test.autoconfigure.restdocs.RestDocsTestExecutionListener@4e22a0e1, org.springframework.boot.test.autoconfigure.web.client.MockRestServiceServerResetTestExecutionListener@43e5eda4, org.springframework.boot.test.autoconfigure.web.servlet.MockMvcPrintOnlyOnFailureTestExecutionListener@7da625ff, org.springframework.boot.test.autoconfigure.web.servlet.WebDriverTestExecutionListener@d1507c5, org.springframework.boot.test.mock.mockito.ResetMocksTestExecutionListener@566b9b2e]
23:37:20.211 [Test worker] DEBUG org.springframework.test.annotation.ProfileValueUtils - Retrieved @ProfileValueSourceConfiguration [null] for test class [sample.web.ui.MessageControllerWebTests]
23:37:20.211 [Test worker] DEBUG org.springframework.test.annotation.ProfileValueUtils - Retrieved ProfileValueSource type [class org.springframework.test.annotation.SystemProfileValueSource] for class [sample.web.ui.MessageControllerWebTests]
23:37:20.212 [Test worker] DEBUG org.springframework.test.annotation.ProfileValueUtils - Retrieved @ProfileValueSourceConfiguration [null] for test class [sample.web.ui.MessageControllerWebTests]
23:37:20.212 [Test worker] DEBUG org.springframework.test.annotation.ProfileValueUtils - Retrieved ProfileValueSource type [class org.springframework.test.annotation.SystemProfileValueSource] for class [sample.web.ui.MessageControllerWebTests]
23:37:20.215 [Test worker] DEBUG org.springframework.test.context.support.AbstractDirtiesContextTestExecutionListener - Before test class: context [DefaultTestContext@1246dee testClass = MessageControllerWebTests, testInstance = [null], testMethod = [null], testException = [null], mergedContextConfiguration = [WebMergedContextConfiguration@36609bfd testClass = MessageControllerWebTests, locations = '{}', classes = '{class sample.web.ui.SampleWebUiApplication}', contextInitializerClasses = '[]', activeProfiles = '{}', propertySourceLocations = '{}', propertySourceProperties = '{}', contextCustomizers = set[org.springframework.boot.test.autoconfigure.properties.PropertyMappingContextCustomizer@0, org.springframework.boot.test.autoconfigure.web.servlet.WebDriverContextCustomizerFactory$Customizer@7ac6650a, org.springframework.boot.test.context.filter.ExcludeFilterContextCustomizer@4cc6b88c, org.springframework.boot.test.json.DuplicateJsonObjectContextCustomizerFactory$DuplicateJsonObjectContextCustomizer@705e33dc, org.springframework.boot.test.mock.mockito.MockitoContextCustomizer@0, org.springframework.test.context.web.socket.MockServerContainerContextCustomizer@29aa8d8c], resourceBasePath = 'src/main/webapp', contextLoader = 'org.springframework.test.context.web.WebDelegatingSmartContextLoader', parent = [null]], attributes = map[[empty]]], class annotated with @DirtiesContext [false] with mode [null].
23:37:20.217 [Test worker] DEBUG org.springframework.test.annotation.ProfileValueUtils - Retrieved @ProfileValueSourceConfiguration [null] for test class [sample.web.ui.MessageControllerWebTests]
23:37:20.217 [Test worker] DEBUG org.springframework.test.annotation.ProfileValueUtils - Retrieved ProfileValueSource type [class org.springframework.test.annotation.SystemProfileValueSource] for class [sample.web.ui.MessageControllerWebTests]
23:37:20.218 [Test worker] DEBUG org.springframework.test.context.support.AbstractDelegatingSmartContextLoader - Delegating to AnnotationConfigWebContextLoader to load context from [WebMergedContextConfiguration@36609bfd testClass = MessageControllerWebTests, locations = '{}', classes = '{class sample.web.ui.SampleWebUiApplication}', contextInitializerClasses = '[]', activeProfiles = '{}', propertySourceLocations = '{}', propertySourceProperties = '{}', contextCustomizers = set[org.springframework.boot.test.autoconfigure.properties.PropertyMappingContextCustomizer@0, org.springframework.boot.test.autoconfigure.web.servlet.WebDriverContextCustomizerFactory$Customizer@7ac6650a, org.springframework.boot.test.context.filter.ExcludeFilterContextCustomizer@4cc6b88c, org.springframework.boot.test.json.DuplicateJsonObjectContextCustomizerFactory$DuplicateJsonObjectContextCustomizer@705e33dc, org.springframework.boot.test.mock.mockito.MockitoContextCustomizer@0, org.springframework.test.context.web.socket.MockServerContainerContextCustomizer@29aa8d8c], resourceBasePath = 'src/main/webapp', contextLoader = 'org.springframework.test.context.web.WebDelegatingSmartContextLoader', parent = [null]].
23:37:20.218 [Test worker] DEBUG org.springframework.test.context.web.AbstractGenericWebContextLoader - Loading WebApplicationContext for merged context configuration [WebMergedContextConfiguration@36609bfd testClass = MessageControllerWebTests, locations = '{}', classes = '{class sample.web.ui.SampleWebUiApplication}', contextInitializerClasses = '[]', activeProfiles = '{}', propertySourceLocations = '{}', propertySourceProperties = '{}', contextCustomizers = set[org.springframework.boot.test.autoconfigure.properties.PropertyMappingContextCustomizer@0, org.springframework.boot.test.autoconfigure.web.servlet.WebDriverContextCustomizerFactory$Customizer@7ac6650a, org.springframework.boot.test.context.filter.ExcludeFilterContextCustomizer@4cc6b88c, org.springframework.boot.test.json.DuplicateJsonObjectContextCustomizerFactory$DuplicateJsonObjectContextCustomizer@705e33dc, org.springframework.boot.test.mock.mockito.MockitoContextCustomizer@0, org.springframework.test.context.web.socket.MockServerContainerContextCustomizer@29aa8d8c], resourceBasePath = 'src/main/webapp', contextLoader = 'org.springframework.test.context.web.WebDelegatingSmartContextLoader', parent = [null]].
23:37:20.296 [Test worker] DEBUG org.springframework.web.context.support.StandardServletEnvironment - Adding PropertySource 'servletConfigInitParams' with lowest search precedence
23:37:20.296 [Test worker] DEBUG org.springframework.web.context.support.StandardServletEnvironment - Adding PropertySource 'servletContextInitParams' with lowest search precedence
23:37:20.303 [Test worker] DEBUG org.springframework.web.context.support.StandardServletEnvironment - Adding PropertySource 'systemProperties' with lowest search precedence
23:37:20.303 [Test worker] DEBUG org.springframework.web.context.support.StandardServletEnvironment - Adding PropertySource 'systemEnvironment' with lowest search precedence
23:37:20.303 [Test worker] DEBUG org.springframework.web.context.support.StandardServletEnvironment - Initialized StandardServletEnvironment with PropertySources [StubPropertySource@1534298239 {name='servletConfigInitParams', properties=java.lang.Object@209a648}, StubPropertySource@913968616 {name='servletContextInitParams', properties=java.lang.Object@7f3e74d8}, MapPropertySource@952707888 {name='systemProperties', properties={java.runtime.name=Java(TM) SE Runtime Environment, sun.boot.library.path=C:\Program Files\Java\jdk1.8.0_211\jre\bin, java.vm.version=25.211-b12, java.vm.vendor=Oracle Corporation, java.vendor.url=http://java.oracle.com/, path.separator=;, java.vm.name=Java HotSpot(TM) 64-Bit Server VM, file.encoding.pkg=sun.io, user.script=, sun.java.launcher=SUN_STANDARD, user.country=KR, sun.os.patch.level=, java.vm.specification.name=Java Virtual Machine Specification, user.dir=C:\Users\gtrus\git\kakaopay\spring-boot-sample-web-ui, java.runtime.version=1.8.0_211-b12, java.awt.graphicsenv=sun.awt.Win32GraphicsEnvironment, java.endorsed.dirs=C:\Program Files\Java\jdk1.8.0_211\jre\lib\endorsed, os.arch=amd64, java.io.tmpdir=C:\Users\gtrus\AppData\Local\Temp\, line.separator=
, java.vm.specification.vendor=Oracle Corporation, user.variant=, os.name=Windows 10, sun.jnu.encoding=MS949, java.library.path=C:\Program Files\Java\jdk1.8.0_211\bin;C:\WINDOWS\Sun\Java\bin;C:\WINDOWS\system32;C:\WINDOWS;C:/Program Files/Java/jre1.8.0_211/bin/server;C:/Program Files/Java/jre1.8.0_211/bin;C:/Program Files/Java/jre1.8.0_211/lib/amd64;C:\Program Files (x86)\Razer\ChromaBroadcast\bin;C:\Program Files\Razer\ChromaBroadcast\bin;C:\Program Files (x86)\Common Files\Oracle\Java\javapath;C:\Program Files (x86)\Intel\iCLS Client\;C:\Program Files\Intel\iCLS Client\;C:\WINDOWS\system32;C:\WINDOWS;C:\WINDOWS\System32\Wbem;C:\WINDOWS\System32\WindowsPowerShell\v1.0\;C:\Program Files (x86)\Intel\Intel(R) Management Engine Components\DAL;C:\Program Files\Intel\Intel(R) Management Engine Components\DAL;C:\Program Files (x86)\Intel\Intel(R) Management Engine Components\IPT;C:\Program Files\Intel\Intel(R) Management Engine Components\IPT;C:\Program Files\Intel\WiFi\bin\;C:\Program Files\Common Files\Intel\WirelessCommon\;C:\WINDOWS\System32\OpenSSH\;C:\Program Files\Python37\;C:\Spark\spark-2.3.0-bin-hadoop2.7\bin;C:\Program Files\scala\bin;C:\zeppelin\zeppelin-0.8.0\bin;C:\Program Files\PuTTY\;C:\WINDOWS\system32\config\systemprofile\AppData\Local\Microsoft\WindowsApps;C:\gradle\bin;C:\Program Files\Git\cmd;C:\Users\gtrus\AppData\Local\Microsoft\WindowsApps;;C:\Program Files\Docker Toolbox;C:\Users\gtrus\eclipse\java-oxygen\eclipse;;., java.specification.name=Java Platform API Specification, java.class.version=52.0, org.gradle.native=false, sun.management.compiler=HotSpot 64-Bit Tiered Compilers, os.version=10.0, user.home=C:\Users\gtrus, user.timezone=Asia/Seoul, java.awt.printerjob=sun.awt.windows.WPrinterJob, file.encoding=x-windows-949, java.specification.version=1.8, java.class.path=C:\Users\gtrus\git\kakaopay\spring-boot-sample-web-ui\build\classes\java\test;C:\Users\gtrus\git\kakaopay\spring-boot-sample-web-ui\build\resources\test;C:\Users\gtrus\git\kakaopay\spring-boot-sample-web-ui\build\classes\java\main;C:\Users\gtrus\git\kakaopay\spring-boot-sample-web-ui\build\resources\main;C:\Users\gtrus\.m2\repository\org\springframework\boot\spring-boot-starter-web\2.0.2.RELEASE\spring-boot-starter-web-2.0.2.RELEASE.jar;C:\Users\gtrus\.gradle\caches\modules-2\files-2.1\org.springframework.boot\spring-boot-starter-actuator\2.0.2.RELEASE\bf24a7e12afcebae667819b616528e9b13574275\spring-boot-starter-actuator-2.0.2.RELEASE.jar;C:\Users\gtrus\.gradle\caches\modules-2\files-2.1\org.springframework.boot\spring-boot-starter-security\2.0.2.RELEASE\ef280d41ff37acd66d5b411b1de845cc33067102\spring-boot-starter-security-2.0.2.RELEASE.jar;C:\Users\gtrus\.m2\repository\org\springframework\boot\spring-boot-starter-thymeleaf\2.0.2.RELEASE\spring-boot-starter-thymeleaf-2.0.2.RELEASE.jar;C:\Users\gtrus\.m2\repository\org\springframework\boot\spring-boot-starter-test\2.0.2.RELEASE\spring-boot-starter-test-2.0.2.RELEASE.jar;C:\Users\gtrus\.m2\repository\org\springframework\boot\spring-boot-starter-json\2.0.2.RELEASE\spring-boot-starter-json-2.0.2.RELEASE.jar;C:\Users\gtrus\.m2\repository\org\springframework\boot\spring-boot-starter\2.0.2.RELEASE\spring-boot-starter-2.0.2.RELEASE.jar;C:\Users\gtrus\.m2\repository\org\springframework\boot\spring-boot-starter-tomcat\2.0.2.RELEASE\spring-boot-starter-tomcat-2.0.2.RELEASE.jar;C:\Users\gtrus\.m2\repository\org\hibernate\validator\hibernate-validator\6.0.9.Final\hibernate-validator-6.0.9.Final.jar;C:\Users\gtrus\.m2\repository\org\springframework\spring-webmvc\5.0.6.RELEASE\spring-webmvc-5.0.6.RELEASE.jar;C:\Users\gtrus\.gradle\caches\modules-2\files-2.1\org.springframework.security\spring-security-web\5.0.5.RELEASE\14b987fee57348c373c5228e23ceb244d872e298\spring-security-web-5.0.5.RELEASE.jar;C:\Users\gtrus\.m2\repository\org\springframework\spring-web\5.0.6.RELEASE\spring-web-5.0.6.RELEASE.jar;C:\Users\gtrus\.gradle\caches\modules-2\files-2.1\org.springframework.boot\spring-boot-actuator-autoconfigure\2.0.2.RELEASE\5165c5f431baf565bf9b07ce1956b71706fa37d\spring-boot-actuator-autoconfigure-2.0.2.RELEASE.jar;C:\Users\gtrus\.gradle\caches\modules-2\files-2.1\io.micrometer\micrometer-core\1.0.4\469c27eee20e79bdfd31ea93adfe43f95bfa4887\micrometer-core-1.0.4.jar;C:\Users\gtrus\.gradle\caches\modules-2\files-2.1\org.springframework.security\spring-security-config\5.0.5.RELEASE\5d360adc638fc5f55e7364f2544a962ae26e0cfd\spring-security-config-5.0.5.RELEASE.jar;C:\Users\gtrus\.m2\repository\org\springframework\boot\spring-boot-test-autoconfigure\2.0.2.RELEASE\spring-boot-test-autoconfigure-2.0.2.RELEASE.jar;C:\Users\gtrus\.m2\repository\org\springframework\boot\spring-boot-test\2.0.2.RELEASE\spring-boot-test-2.0.2.RELEASE.jar;C:\Users\gtrus\.m2\repository\org\springframework\boot\spring-boot-autoconfigure\2.0.2.RELEASE\spring-boot-autoconfigure-2.0.2.RELEASE.jar;C:\Users\gtrus\.gradle\caches\modules-2\files-2.1\org.springframework.boot\spring-boot-actuator\2.0.2.RELEASE\b849b4a60d01e6a17d563314d67bae4697b6ed04\spring-boot-actuator-2.0.2.RELEASE.jar;C:\Users\gtrus\.m2\repository\org\springframework\boot\spring-boot\2.0.2.RELEASE\spring-boot-2.0.2.RELEASE.jar;C:\Users\gtrus\.gradle\caches\modules-2\files-2.1\org.springframework.security\spring-security-core\5.0.5.RELEASE\d8fb6f4bcb03a1b124b4a0a50b574978496ae0ba\spring-security-core-5.0.5.RELEASE.jar;C:\Users\gtrus\.m2\repository\org\springframework\spring-context\5.0.6.RELEASE\spring-context-5.0.6.RELEASE.jar;C:\Users\gtrus\.m2\repository\org\springframework\spring-aop\5.0.6.RELEASE\spring-aop-5.0.6.RELEASE.jar;C:\Users\gtrus\.m2\repository\org\thymeleaf\thymeleaf-spring5\3.0.9.RELEASE\thymeleaf-spring5-3.0.9.RELEASE.jar;C:\Users\gtrus\.m2\repository\org\thymeleaf\extras\thymeleaf-extras-java8time\3.0.1.RELEASE\thymeleaf-extras-java8time-3.0.1.RELEASE.jar;C:\Users\gtrus\.m2\repository\com\jayway\jsonpath\json-path\2.4.0\json-path-2.4.0.jar;C:\Users\gtrus\.m2\repository\junit\junit\4.12\junit-4.12.jar;C:\Users\gtrus\.m2\repository\org\assertj\assertj-core\3.9.1\assertj-core-3.9.1.jar;C:\Users\gtrus\.m2\repository\org\mockito\mockito-core\2.15.0\mockito-core-2.15.0.jar;C:\Users\gtrus\.m2\repository\org\hamcrest\hamcrest-library\1.3\hamcrest-library-1.3.jar;C:\Users\gtrus\.m2\repository\org\hamcrest\hamcrest-core\1.3\hamcrest-core-1.3.jar;C:\Users\gtrus\.m2\repository\org\skyscreamer\jsonassert\1.5.0\jsonassert-1.5.0.jar;C:\Users\gtrus\.m2\repository\org\springframework\spring-test\5.0.6.RELEASE\spring-test-5.0.6.RELEASE.jar;C:\Users\gtrus\.m2\repository\org\springframework\spring-beans\5.0.6.RELEASE\spring-beans-5.0.6.RELEASE.jar;C:\Users\gtrus\.m2\repository\org\springframework\spring-expression\5.0.6.RELEASE\spring-expression-5.0.6.RELEASE.jar;C:\Users\gtrus\.m2\repository\org\springframework\spring-core\5.0.6.RELEASE\spring-core-5.0.6.RELEASE.jar;C:\Users\gtrus\.m2\repository\org\xmlunit\xmlunit-core\2.5.1\xmlunit-core-2.5.1.jar;C:\Users\gtrus\.m2\repository\org\springframework\boot\spring-boot-starter-logging\2.0.2.RELEASE\spring-boot-starter-logging-2.0.2.RELEASE.jar;C:\Users\gtrus\.m2\repository\javax\annotation\javax.annotation-api\1.3.2\javax.annotation-api-1.3.2.jar;C:\Users\gtrus\.m2\repository\org\yaml\snakeyaml\1.19\snakeyaml-1.19.jar;C:\Users\gtrus\.m2\repository\com\fasterxml\jackson\datatype\jackson-datatype-jdk8\2.9.5\jackson-datatype-jdk8-2.9.5.jar;C:\Users\gtrus\.m2\repository\com\fasterxml\jackson\datatype\jackson-datatype-jsr310\2.9.5\jackson-datatype-jsr310-2.9.5.jar;C:\Users\gtrus\.m2\repository\com\fasterxml\jackson\module\jackson-module-parameter-names\2.9.5\jackson-module-parameter-names-2.9.5.jar;C:\Users\gtrus\.m2\repository\com\fasterxml\jackson\core\jackson-databind\2.9.5\jackson-databind-2.9.5.jar;C:\Users\gtrus\.m2\repository\org\apache\tomcat\embed\tomcat-embed-websocket\8.5.31\tomcat-embed-websocket-8.5.31.jar;C:\Users\gtrus\.m2\repository\org\apache\tomcat\embed\tomcat-embed-core\8.5.31\tomcat-embed-core-8.5.31.jar;C:\Users\gtrus\.m2\repository\org\apache\tomcat\embed\tomcat-embed-el\8.5.31\tomcat-embed-el-8.5.31.jar;C:\Users\gtrus\.m2\repository\javax\validation\validation-api\2.0.1.Final\validation-api-2.0.1.Final.jar;C:\Users\gtrus\.m2\repository\org\jboss\logging\jboss-logging\3.3.2.Final\jboss-logging-3.3.2.Final.jar;C:\Users\gtrus\.m2\repository\com\fasterxml\classmate\1.3.4\classmate-1.3.4.jar;C:\Users\gtrus\.gradle\caches\modules-2\files-2.1\org.hdrhistogram\HdrHistogram\2.1.10\9e1ac84eed220281841b75e72fb9de5a297fbf04\HdrHistogram-2.1.10.jar;C:\Users\gtrus\.gradle\caches\modules-2\files-2.1\org.latencyutils\LatencyUtils\2.0.3\769c0b82cb2421c8256300e907298a9410a2a3d3\LatencyUtils-2.0.3.jar;C:\Users\gtrus\.m2\repository\org\thymeleaf\thymeleaf\3.0.9.RELEASE\thymeleaf-3.0.9.RELEASE.jar;C:\Users\gtrus\.m2\repository\ch\qos\logback\logback-classic\1.2.3\logback-classic-1.2.3.jar;C:\Users\gtrus\.m2\repository\org\apache\logging\log4j\log4j-to-slf4j\2.10.0\log4j-to-slf4j-2.10.0.jar;C:\Users\gtrus\.m2\repository\org\slf4j\jul-to-slf4j\1.7.25\jul-to-slf4j-1.7.25.jar;C:\Users\gtrus\.m2\repository\org\slf4j\slf4j-api\1.7.25\slf4j-api-1.7.25.jar;C:\Users\gtrus\.m2\repository\net\minidev\json-smart\2.3\json-smart-2.3.jar;C:\Users\gtrus\.gradle\caches\modules-2\files-2.1\net.bytebuddy\byte-buddy\1.7.9\51218a01a882c04d0aba8c028179cce488bbcb58\byte-buddy-1.7.9.jar;C:\Users\gtrus\.gradle\caches\modules-2\files-2.1\net.bytebuddy\byte-buddy-agent\1.7.9\a6c65f9da7f467ee1f02ff2841ffd3155aee2fc9\byte-buddy-agent-1.7.9.jar;C:\Users\gtrus\.m2\repository\org\objenesis\objenesis\2.6\objenesis-2.6.jar;C:\Users\gtrus\.m2\repository\com\vaadin\external\google\android-json\0.0.20131108.vaadin1\android-json-0.0.20131108.vaadin1.jar;C:\Users\gtrus\.m2\repository\org\springframework\spring-jcl\5.0.6.RELEASE\spring-jcl-5.0.6.RELEASE.jar;C:\Users\gtrus\.m2\repository\com\fasterxml\jackson\core\jackson-annotations\2.9.0\jackson-annotations-2.9.0.jar;C:\Users\gtrus\.m2\repository\com\fasterxml\jackson\core\jackson-core\2.9.5\jackson-core-2.9.5.jar;C:\Users\gtrus\.gradle\caches\modules-2\files-2.1\ognl\ognl\3.1.12\a7fa0db32f882cd3bb41ec6c489853b3bfb6aebc\ognl-3.1.12.jar;C:\Users\gtrus\.m2\repository\org\attoparser\attoparser\2.0.4.RELEASE\attoparser-2.0.4.RELEASE.jar;C:\Users\gtrus\.m2\repository\org\unbescape\unbescape\1.1.5.RELEASE\unbescape-1.1.5.RELEASE.jar;C:\Users\gtrus\.m2\repository\net\minidev\accessors-smart\1.2\accessors-smart-1.2.jar;C:\Users\gtrus\.m2\repository\ch\qos\logback\logback-core\1.2.3\logback-core-1.2.3.jar;C:\Users\gtrus\.m2\repository\org\apache\logging\log4j\log4j-api\2.10.0\log4j-api-2.10.0.jar;C:\Users\gtrus\.gradle\caches\modules-2\files-2.1\org.apache.tomcat\tomcat-annotations-api\8.5.31\f0758d8b5d1404cc25f98945bdd5959699658b4a\tomcat-annotations-api-8.5.31.jar;C:\Users\gtrus\.gradle\caches\modules-2\files-2.1\org.javassist\javassist\3.20.0-GA\a9cbcdfb7e9f86fbc74d3afae65f2248bfbf82a0\javassist-3.20.0-GA.jar;C:\Users\gtrus\.m2\repository\org\ow2\asm\asm\5.0.4\asm-5.0.4.jar, user.name=gtrus, java.vm.specification.version=1.8, sun.java.command=worker.org.gradle.process.internal.worker.GradleWorkerMain 'Gradle Test Executor 1', java.home=C:\Program Files\Java\jdk1.8.0_211\jre, sun.arch.data.model=64, user.language=ko, java.specification.vendor=Oracle Corporation, awt.toolkit=sun.awt.windows.WToolkit, java.vm.info=mixed mode, java.version=1.8.0_211, java.ext.dirs=C:\Program Files\Java\jdk1.8.0_211\jre\lib\ext;C:\WINDOWS\Sun\Java\lib\ext, sun.boot.class.path=C:\Program Files\Java\jdk1.8.0_211\jre\lib\resources.jar;C:\Program Files\Java\jdk1.8.0_211\jre\lib\rt.jar;C:\Program Files\Java\jdk1.8.0_211\jre\lib\sunrsasign.jar;C:\Program Files\Java\jdk1.8.0_211\jre\lib\jsse.jar;C:\Program Files\Java\jdk1.8.0_211\jre\lib\jce.jar;C:\Program Files\Java\jdk1.8.0_211\jre\lib\charsets.jar;C:\Program Files\Java\jdk1.8.0_211\jre\lib\jfr.jar;C:\Program Files\Java\jdk1.8.0_211\jre\classes, java.vendor=Oracle Corporation, org.gradle.test.worker=1, file.separator=\, java.vendor.url.bug=http://bugreport.sun.com/bugreport/, sun.io.unicode.encoding=UnicodeLittle, sun.cpu.endian=little, sun.desktop=windows, sun.cpu.isalist=amd64}}, SystemEnvironmentPropertySource@2000548231 {name='systemEnvironment', properties={configsetroot=C:\WINDOWS\ConfigSetRoot, USERDOMAIN_ROAMINGPROFILE=YIM-LAPTOP, NO_PROXY=192.168.99.100, PROCESSOR_LEVEL=6, SESSIONNAME=Console, ALLUSERSPROFILE=C:\ProgramData, PROCESSOR_ARCHITECTURE=AMD64, PSModulePath=C:\Program Files\WindowsPowerShell\Modules;C:\WINDOWS\system32\WindowsPowerShell\v1.0\Modules, SystemDrive=C:, USERNAME=gtrus, ProgramFiles(x86)=C:\Program Files (x86), FPS_BROWSER_USER_PROFILE_STRING=Default, PATHEXT=.COM;.EXE;.BAT;.CMD;.VBS;.VBE;.JS;.JSE;.WSF;.WSH;.MSC, COMPOSE_CONVERT_WINDOWS_PATHS=true, DriverData=C:\Windows\System32\Drivers\DriverData, OneDriveConsumer=C:\Users\gtrus\OneDrive, ProgramData=C:\ProgramData, ProgramW6432=C:\Program Files, HOMEPATH=\Users\gtrus, PROCESSOR_IDENTIFIER=Intel64 Family 6 Model 142 Stepping 10, GenuineIntel, HADOOP_HOME=C:\Spark\spark-2.3.0-bin-hadoop2.7, ProgramFiles=C:\Program Files, PUBLIC=C:\Users\Public, windir=C:\WINDOWS, =::=::\, LOCALAPPDATA=C:\Users\gtrus\AppData\Local, DOCKER_HOST=tcp://192.168.99.100:2376, USERDOMAIN=YIM-LAPTOP, FPS_BROWSER_APP_PROFILE_STRING=Internet Explorer, LOGONSERVER=\\YIM-LAPTOP, GRADLE_HOME=C:\gradle, OneDrive=C:\Users\gtrus\OneDrive, APPDATA=C:\Users\gtrus\AppData\Roaming, DOCKER_MACHINE_NAME=default, SPARK_HOME=C:\Spark\spark-2.3.0-bin-hadoop2.7, DOCKER_CERT_PATH=C:\Users\gtrus\.docker\machine\machines\default, SCALA_HOME=C:\Program Files\scala, VBOX_MSI_INSTALL_PATH=C:\Program Files\Oracle\VirtualBox\, CommonProgramFiles=C:\Program Files\Common Files, Path=C:/Program Files/Java/jre1.8.0_211/bin/server;C:/Program Files/Java/jre1.8.0_211/bin;C:/Program Files/Java/jre1.8.0_211/lib/amd64;C:\Program Files (x86)\Razer\ChromaBroadcast\bin;C:\Program Files\Razer\ChromaBroadcast\bin;C:\Program Files (x86)\Common Files\Oracle\Java\javapath;C:\Program Files (x86)\Intel\iCLS Client\;C:\Program Files\Intel\iCLS Client\;C:\WINDOWS\system32;C:\WINDOWS;C:\WINDOWS\System32\Wbem;C:\WINDOWS\System32\WindowsPowerShell\v1.0\;C:\Program Files (x86)\Intel\Intel(R) Management Engine Components\DAL;C:\Program Files\Intel\Intel(R) Management Engine Components\DAL;C:\Program Files (x86)\Intel\Intel(R) Management Engine Components\IPT;C:\Program Files\Intel\Intel(R) Management Engine Components\IPT;C:\Program Files\Intel\WiFi\bin\;C:\Program Files\Common Files\Intel\WirelessCommon\;C:\WINDOWS\System32\OpenSSH\;C:\Program Files\Python37\;C:\Spark\spark-2.3.0-bin-hadoop2.7\bin;C:\Program Files\scala\bin;C:\zeppelin\zeppelin-0.8.0\bin;C:\Program Files\PuTTY\;C:\WINDOWS\system32\config\systemprofile\AppData\Local\Microsoft\WindowsApps;C:\gradle\bin;C:\Program Files\Git\cmd;C:\Users\gtrus\AppData\Local\Microsoft\WindowsApps;;C:\Program Files\Docker Toolbox;C:\Users\gtrus\eclipse\java-oxygen\eclipse;, ZEPPELIN_HOME=C:\zeppelin\zeppelin-0.8.0, OS=Windows_NT, COMPUTERNAME=YIM-LAPTOP, PROCESSOR_REVISION=8e0a, CommonProgramW6432=C:\Program Files\Common Files, ComSpec=C:\WINDOWS\system32\cmd.exe, DOCKER_TLS_VERIFY=1, SystemRoot=C:\WINDOWS, TEMP=C:\Users\gtrus\AppData\Local\Temp, HOMEDRIVE=C:, USERPROFILE=C:\Users\gtrus, TMP=C:\Users\gtrus\AppData\Local\Temp, CommonProgramFiles(x86)=C:\Program Files (x86)\Common Files, NUMBER_OF_PROCESSORS=8, DOCKER_TOOLBOX_INSTALL_PATH=C:\Program Files\Docker Toolbox}}]
23:37:20.309 [Test worker] DEBUG org.springframework.test.context.web.AnnotationConfigWebContextLoader - Registering annotated classes: {class sample.web.ui.SampleWebUiApplication}
23:37:20.396 [Test worker] INFO org.springframework.web.context.support.GenericWebApplicationContext - Refreshing org.springframework.web.context.support.GenericWebApplicationContext@bbe22c2: startup date [Mon Apr 22 23:37:20 KST 2019]; root of context hierarchy
23:37:20.400 [Test worker] DEBUG org.springframework.web.context.support.StandardServletEnvironment - Replacing PropertySource 'servletContextInitParams' with 'servletContextInitParams'
23:37:20.400 [Test worker] DEBUG org.springframework.web.context.support.GenericWebApplicationContext - Bean factory for org.springframework.web.context.support.GenericWebApplicationContext@bbe22c2: org.springframework.beans.factory.support.DefaultListableBeanFactory@344fbc55: defining beans [org.springframework.context.annotation.internalConfigurationAnnotationProcessor,org.springframework.context.annotation.internalAutowiredAnnotationProcessor,org.springframework.context.annotation.internalRequiredAnnotationProcessor,org.springframework.context.annotation.internalCommonAnnotationProcessor,org.springframework.context.event.internalEventListenerProcessor,org.springframework.context.event.internalEventListenerFactory,sampleWebUiApplication,org.springframework.boot.test.mock.mockito.MockitoPostProcessor$SpyPostProcessor,org.springframework.boot.test.mock.mockito.MockitoPostProcessor]; root of factory hierarchy
23:37:20.417 [Test worker] DEBUG org.springframework.beans.factory.support.DefaultListableBeanFactory - Registering scope 'request' with implementation [org.springframework.web.context.request.RequestScope@51dd9594]
23:37:20.418 [Test worker] DEBUG org.springframework.beans.factory.support.DefaultListableBeanFactory - Registering scope 'session' with implementation [org.springframework.web.context.request.SessionScope@58863b79]
23:37:20.419 [Test worker] DEBUG org.springframework.beans.factory.support.DefaultListableBeanFactory - Registering scope 'application' with implementation [org.springframework.web.context.support.ServletContextScope@4106b3fa]
23:37:20.431 [Test worker] DEBUG org.springframework.beans.factory.support.DefaultListableBeanFactory - Creating shared instance of singleton bean 'org.springframework.context.annotation.internalConfigurationAnnotationProcessor'
23:37:20.431 [Test worker] DEBUG org.springframework.beans.factory.support.DefaultListableBeanFactory - Creating instance of bean 'org.springframework.context.annotation.internalConfigurationAnnotationProcessor'
23:37:20.456 [Test worker] DEBUG org.springframework.beans.factory.support.DefaultListableBeanFactory - Eagerly caching bean 'org.springframework.context.annotation.internalConfigurationAnnotationProcessor' to allow for resolving potential circular references
23:37:20.459 [Test worker] DEBUG org.springframework.beans.factory.support.DefaultListableBeanFactory - Finished creating instance of bean 'org.springframework.context.annotation.internalConfigurationAnnotationProcessor'
23:37:20.488 [Test worker] DEBUG org.springframework.context.annotation.ClassPathBeanDefinitionScanner - JSR-250 'javax.annotation.ManagedBean' found and supported for component scanning
23:37:20.497 [Test worker] DEBUG org.springframework.core.io.support.PathMatchingResourcePatternResolver - Resolved classpath location [sample/web/ui/] to resources [URL [file:/C:/Users/gtrus/git/kakaopay/spring-boot-sample-web-ui/build/classes/java/test/sample/web/ui/], URL [file:/C:/Users/gtrus/git/kakaopay/spring-boot-sample-web-ui/build/classes/java/main/sample/web/ui/]]
23:37:20.499 [Test worker] DEBUG org.springframework.core.io.support.PathMatchingResourcePatternResolver - Looking for matching resources in directory tree [C:\Users\gtrus\git\kakaopay\spring-boot-sample-web-ui\build\classes\java\test\sample\web\ui]
23:37:20.500 [Test worker] DEBUG org.springframework.core.io.support.PathMatchingResourcePatternResolver - Searching directory [C:\Users\gtrus\git\kakaopay\spring-boot-sample-web-ui\build\classes\java\test\sample\web\ui] for files matching pattern [C:/Users/gtrus/git/kakaopay/spring-boot-sample-web-ui/build/classes/java/test/sample/web/ui/**/*.class]
23:37:20.504 [Test worker] DEBUG org.springframework.core.io.support.PathMatchingResourcePatternResolver - Looking for matching resources in directory tree [C:\Users\gtrus\git\kakaopay\spring-boot-sample-web-ui\build\classes\java\main\sample\web\ui]
23:37:20.505 [Test worker] DEBUG org.springframework.core.io.support.PathMatchingResourcePatternResolver - Searching directory [C:\Users\gtrus\git\kakaopay\spring-boot-sample-web-ui\build\classes\java\main\sample\web\ui] for files matching pattern [C:/Users/gtrus/git/kakaopay/spring-boot-sample-web-ui/build/classes/java/main/sample/web/ui/**/*.class]
23:37:20.507 [Test worker] DEBUG org.springframework.core.io.support.PathMatchingResourcePatternResolver - Searching directory [C:\Users\gtrus\git\kakaopay\spring-boot-sample-web-ui\build\classes\java\main\sample\web\ui\mvc] for files matching pattern [C:/Users/gtrus/git/kakaopay/spring-boot-sample-web-ui/build/classes/java/main/sample/web/ui/**/*.class]
23:37:20.510 [Test worker] DEBUG org.springframework.core.io.support.PathMatchingResourcePatternResolver - Resolved location pattern [classpath*:sample/web/ui/**/*.class] to resources [file [C:\Users\gtrus\git\kakaopay\spring-boot-sample-web-ui\build\classes\java\test\sample\web\ui\MessageControllerWebTests$RegexMatcher.class], file [C:\Users\gtrus\git\kakaopay\spring-boot-sample-web-ui\build\classes\java\test\sample\web\ui\MessageControllerWebTests.class], file [C:\Users\gtrus\git\kakaopay\spring-boot-sample-web-ui\build\classes\java\test\sample\web\ui\SampleWebUiApplicationTests.class], file [C:\Users\gtrus\git\kakaopay\spring-boot-sample-web-ui\build\classes\java\main\sample\web\ui\InMemoryMessageRepository.class], file [C:\Users\gtrus\git\kakaopay\spring-boot-sample-web-ui\build\classes\java\main\sample\web\ui\Message.class], file [C:\Users\gtrus\git\kakaopay\spring-boot-sample-web-ui\build\classes\java\main\sample\web\ui\MessageRepository.class], file [C:\Users\gtrus\git\kakaopay\spring-boot-sample-web-ui\build\classes\java\main\sample\web\ui\mvc\MessageController.class], file [C:\Users\gtrus\git\kakaopay\spring-boot-sample-web-ui\build\classes\java\main\sample\web\ui\mvc\MonitorController.class], file [C:\Users\gtrus\git\kakaopay\spring-boot-sample-web-ui\build\classes\java\main\sample\web\ui\SampleWebUiApplication$1.class], file [C:\Users\gtrus\git\kakaopay\spring-boot-sample-web-ui\build\classes\java\main\sample\web\ui\SampleWebUiApplication.class]]
23:37:20.532 [Test worker] DEBUG org.springframework.beans.factory.support.DefaultListableBeanFactory - Returning cached instance of singleton bean 'org.springframework.boot.test.context.filter.TestTypeExcludeFilter'
23:37:20.539 [Test worker] DEBUG org.springframework.beans.factory.support.DefaultListableBeanFactory - Returning cached instance of singleton bean 'org.springframework.boot.test.context.filter.TestTypeExcludeFilter'
23:37:20.545 [Test worker] DEBUG org.springframework.beans.factory.support.DefaultListableBeanFactory - Returning cached instance of singleton bean 'org.springframework.boot.test.context.filter.TestTypeExcludeFilter'
23:37:20.546 [Test worker] DEBUG org.springframework.beans.factory.support.DefaultListableBeanFactory - Returning cached instance of singleton bean 'org.springframework.boot.test.context.filter.TestTypeExcludeFilter'
23:37:20.548 [Test worker] DEBUG org.springframework.beans.factory.support.DefaultListableBeanFactory - Returning cached instance of singleton bean 'org.springframework.boot.test.context.filter.TestTypeExcludeFilter'
23:37:20.549 [Test worker] DEBUG org.springframework.beans.factory.support.DefaultListableBeanFactory - Returning cached instance of singleton bean 'org.springframework.boot.test.context.filter.TestTypeExcludeFilter'
23:37:20.563 [Test worker] DEBUG org.springframework.beans.factory.support.DefaultListableBeanFactory - Returning cached instance of singleton bean 'org.springframework.boot.test.context.filter.TestTypeExcludeFilter'
23:37:20.564 [Test worker] DEBUG org.springframework.context.annotation.ClassPathBeanDefinitionScanner - Identified candidate component class: file [C:\Users\gtrus\git\kakaopay\spring-boot-sample-web-ui\build\classes\java\main\sample\web\ui\mvc\MessageController.class]
23:37:20.566 [Test worker] DEBUG org.springframework.beans.factory.support.DefaultListableBeanFactory - Returning cached instance of singleton bean 'org.springframework.boot.test.context.filter.TestTypeExcludeFilter'
23:37:20.566 [Test worker] DEBUG org.springframework.context.annotation.ClassPathBeanDefinitionScanner - Identified candidate component class: file [C:\Users\gtrus\git\kakaopay\spring-boot-sample-web-ui\build\classes\java\main\sample\web\ui\mvc\MonitorController.class]
23:37:20.568 [Test worker] DEBUG org.springframework.beans.factory.support.DefaultListableBeanFactory - Returning cached instance of singleton bean 'org.springframework.boot.test.context.filter.TestTypeExcludeFilter'
23:37:20.604 [Test worker] DEBUG org.springframework.core.env.PropertySourcesPropertyResolver - Could not find key 'spring.boot.enableautoconfiguration' in any property source
23:37:20.892 [Test worker] DEBUG org.springframework.beans.factory.support.DefaultListableBeanFactory - Returning cached instance of singleton bean 'autoConfigurationReport'
23:37:20.932 [Test worker] DEBUG org.springframework.core.env.PropertySourcesPropertyResolver - Could not find key 'spring.messages.basename' in any property source
23:37:20.933 [Test worker] DEBUG org.springframework.core.io.support.PathMatchingResourcePatternResolver - Resolved classpath location [messages.properties] to resources []
23:37:20.933 [Test worker] DEBUG org.springframework.beans.factory.support.DefaultListableBeanFactory - Returning cached instance of singleton bean 'autoConfigurationReport'
23:37:20.941 [Test worker] DEBUG org.springframework.beans.factory.support.DefaultListableBeanFactory - Returning cached instance of singleton bean 'autoConfigurationReport'
23:37:20.943 [Test worker] DEBUG org.springframework.beans.factory.support.DefaultListableBeanFactory - Returning cached instance of singleton bean 'autoConfigurationReport'
23:37:20.944 [Test worker] DEBUG org.springframework.beans.factory.support.DefaultListableBeanFactory - Returning cached instance of singleton bean 'autoConfigurationReport'
23:37:20.944 [Test worker] DEBUG org.springframework.beans.factory.support.DefaultListableBeanFactory - Returning cached instance of singleton bean 'autoConfigurationReport'
23:37:20.946 [Test worker] DEBUG org.springframework.beans.factory.support.DefaultListableBeanFactory - Returning cached instance of singleton bean 'autoConfigurationReport'
23:37:20.946 [Test worker] DEBUG org.springframework.beans.factory.support.DefaultListableBeanFactory - Returning cached instance of singleton bean 'autoConfigurationReport'
23:37:20.950 [Test worker] DEBUG org.springframework.beans.factory.support.DefaultListableBeanFactory - Returning cached instance of singleton bean 'autoConfigurationReport'
23:37:20.951 [Test worker] DEBUG org.springframework.beans.factory.support.DefaultListableBeanFactory - Returning cached instance of singleton bean 'autoConfigurationReport'
23:37:20.960 [Test worker] DEBUG org.springframework.beans.factory.support.DefaultListableBeanFactory - Returning cached instance of singleton bean 'autoConfigurationReport'
23:37:20.964 [Test worker] DEBUG org.springframework.beans.factory.support.DefaultListableBeanFactory - Returning cached instance of singleton bean 'autoConfigurationReport'
23:37:20.964 [Test worker] DEBUG org.springframework.beans.factory.support.DefaultListableBeanFactory - Returning cached instance of singleton bean 'autoConfigurationReport'
23:37:20.977 [Test worker] DEBUG org.springframework.beans.factory.support.DefaultListableBeanFactory - Returning cached instance of singleton bean 'autoConfigurationReport'
23:37:20.980 [Test worker] DEBUG org.springframework.beans.factory.support.DefaultListableBeanFactory - Returning cached instance of singleton bean 'autoConfigurationReport'
23:37:20.981 [Test worker] DEBUG org.springframework.beans.factory.support.DefaultListableBeanFactory - Returning cached instance of singleton bean 'autoConfigurationReport'
23:37:20.983 [Test worker] DEBUG org.springframework.beans.factory.support.DefaultListableBeanFactory - Returning cached instance of singleton bean 'autoConfigurationReport'
23:37:20.983 [Test worker] DEBUG org.springframework.beans.factory.support.DefaultListableBeanFactory - Returning cached instance of singleton bean 'autoConfigurationReport'
23:37:20.989 [Test worker] DEBUG org.springframework.beans.factory.support.DefaultListableBeanFactory - Returning cached instance of singleton bean 'autoConfigurationReport'
23:37:21.009 [Test worker] DEBUG org.springframework.beans.factory.support.DefaultListableBeanFactory - Returning cached instance of singleton bean 'autoConfigurationReport'
23:37:21.012 [Test worker] DEBUG org.springframework.beans.factory.support.DefaultListableBeanFactory - Returning cached instance of singleton bean 'autoConfigurationReport'
23:37:21.012 [Test worker] DEBUG org.springframework.beans.factory.support.DefaultListableBeanFactory - Returning cached instance of singleton bean 'autoConfigurationReport'
23:37:21.013 [Test worker] DEBUG org.springframework.beans.factory.support.DefaultListableBeanFactory - Returning cached instance of singleton bean 'autoConfigurationReport'
23:37:21.014 [Test worker] DEBUG org.springframework.beans.factory.support.DefaultListableBeanFactory - Returning cached instance of singleton bean 'autoConfigurationReport'
23:37:21.019 [Test worker] DEBUG org.springframework.beans.factory.support.DefaultListableBeanFactory - Returning cached instance of singleton bean 'autoConfigurationReport'
23:37:21.020 [Test worker] DEBUG org.springframework.beans.factory.support.DefaultListableBeanFactory - Returning cached instance of singleton bean 'autoConfigurationReport'
23:37:21.026 [Test worker] DEBUG org.springframework.beans.factory.support.DefaultListableBeanFactory - Returning cached instance of singleton bean 'autoConfigurationReport'
23:37:21.027 [Test worker] DEBUG org.springframework.beans.factory.support.DefaultListableBeanFactory - Returning cached instance of singleton bean 'autoConfigurationReport'
23:37:21.040 [Test worker] DEBUG org.springframework.beans.factory.support.DefaultListableBeanFactory - Returning cached instance of singleton bean 'autoConfigurationReport'
23:37:21.050 [Test worker] DEBUG org.springframework.core.env.PropertySourcesPropertyResolver - Could not find key 'spring.template.provider.cache' in any property source
23:37:21.057 [Test worker] DEBUG org.springframework.core.env.PropertySourcesPropertyResolver - Could not find key 'spring.thymeleaf.prefix' in any property source
23:37:21.057 [Test worker] DEBUG org.springframework.core.env.PropertySourcesPropertyResolver - Could not find key 'spring.thymeleaf.suffix' in any property source
23:37:21.059 [Test worker] DEBUG org.springframework.beans.factory.support.DefaultListableBeanFactory - Returning cached instance of singleton bean 'autoConfigurationReport'
23:37:21.062 [Test worker] DEBUG org.springframework.beans.factory.support.DefaultListableBeanFactory - Returning cached instance of singleton bean 'autoConfigurationReport'
23:37:21.063 [Test worker] DEBUG org.springframework.beans.factory.support.DefaultListableBeanFactory - Returning cached instance of singleton bean 'autoConfigurationReport'
23:37:21.080 [Test worker] DEBUG org.springframework.beans.factory.support.DefaultListableBeanFactory - Returning cached instance of singleton bean 'autoConfigurationReport'
23:37:21.095 [Test worker] DEBUG org.springframework.core.env.PropertySourcesPropertyResolver - Could not find key 'spring.resources.chain.strategy.fixed.enabled' in any property source
23:37:21.095 [Test worker] DEBUG org.springframework.core.env.PropertySourcesPropertyResolver - Could not find key 'spring.resources.chain.strategy.content.enabled' in any property source
23:37:21.095 [Test worker] DEBUG org.springframework.core.env.PropertySourcesPropertyResolver - Could not find key 'spring.resources.chain.enabled' in any property source
23:37:21.097 [Test worker] DEBUG org.springframework.beans.factory.support.DefaultListableBeanFactory - Returning cached instance of singleton bean 'autoConfigurationReport'
23:37:21.106 [Test worker] DEBUG org.springframework.core.env.PropertySourcesPropertyResolver - Could not find key 'management.health.defaults.enabled' in any property source
23:37:21.106 [Test worker] DEBUG org.springframework.beans.factory.support.DefaultListableBeanFactory - Returning cached instance of singleton bean 'autoConfigurationReport'
23:37:21.111 [Test worker] DEBUG org.springframework.beans.factory.support.DefaultListableBeanFactory - Returning cached instance of singleton bean 'autoConfigurationReport'
23:37:21.112 [Test worker] DEBUG org.springframework.beans.factory.support.DefaultListableBeanFactory - Returning cached instance of singleton bean 'autoConfigurationReport'
23:37:21.116 [Test worker] DEBUG org.springframework.core.env.PropertySourcesPropertyResolver - Could not find key 'management.health.defaults.enabled' in any property source
23:37:21.116 [Test worker] DEBUG org.springframework.beans.factory.support.DefaultListableBeanFactory - Returning cached instance of singleton bean 'autoConfigurationReport'
23:37:21.118 [Test worker] DEBUG org.springframework.core.env.PropertySourcesPropertyResolver - Could not find key 'management.health.defaults.enabled' in any property source
23:37:21.118 [Test worker] DEBUG org.springframework.beans.factory.support.DefaultListableBeanFactory - Returning cached instance of singleton bean 'autoConfigurationReport'
23:37:21.123 [Test worker] DEBUG org.springframework.beans.factory.support.DefaultListableBeanFactory - Returning cached instance of singleton bean 'autoConfigurationReport'
23:37:21.125 [Test worker] DEBUG org.springframework.beans.factory.support.DefaultListableBeanFactory - Returning cached instance of singleton bean 'autoConfigurationReport'
23:37:21.127 [Test worker] DEBUG org.springframework.core.env.PropertySourcesPropertyResolver - Could not find key 'management.health.defaults.enabled' in any property source
23:37:21.127 [Test worker] DEBUG org.springframework.beans.factory.support.DefaultListableBeanFactory - Returning cached instance of singleton bean 'autoConfigurationReport'
23:37:21.131 [Test worker] DEBUG org.springframework.beans.factory.support.DefaultListableBeanFactory - Returning cached instance of singleton bean 'autoConfigurationReport'
23:37:21.132 [Test worker] DEBUG org.springframework.beans.factory.support.DefaultListableBeanFactory - Returning cached instance of singleton bean 'autoConfigurationReport'
23:37:21.138 [Test worker] DEBUG org.springframework.beans.factory.support.DefaultListableBeanFactory - Returning cached instance of singleton bean 'autoConfigurationReport'
23:37:21.138 [Test worker] DEBUG org.springframework.beans.factory.support.DefaultListableBeanFactory - Returning cached instance of singleton bean 'autoConfigurationReport'
23:37:21.144 [Test worker] DEBUG org.springframework.beans.factory.support.DefaultListableBeanFactory - Returning cached instance of singleton bean 'autoConfigurationReport'
23:37:21.145 [Test worker] DEBUG org.springframework.beans.factory.support.DefaultListableBeanFactory - Returning cached instance of singleton bean 'autoConfigurationReport'
23:37:21.145 [Test worker] DEBUG org.springframework.beans.factory.support.DefaultListableBeanFactory - Returning cached instance of singleton bean 'autoConfigurationReport'
23:37:21.146 [Test worker] DEBUG org.springframework.beans.factory.support.DefaultListableBeanFactory - Returning cached instance of singleton bean 'autoConfigurationReport'
23:37:21.149 [Test worker] DEBUG org.springframework.beans.factory.support.DefaultListableBeanFactory - Returning cached instance of singleton bean 'autoConfigurationReport'
23:37:21.150 [Test worker] DEBUG org.springframework.beans.factory.support.DefaultListableBeanFactory - Returning cached instance of singleton bean 'autoConfigurationReport'
23:37:21.150 [Test worker] DEBUG org.springframework.beans.factory.support.DefaultListableBeanFactory - Returning cached instance of singleton bean 'autoConfigurationReport'
23:37:21.150 [Test worker] DEBUG org.springframework.beans.factory.support.DefaultListableBeanFactory - Returning cached instance of singleton bean 'autoConfigurationReport'
23:37:21.159 [Test worker] DEBUG org.springframework.beans.factory.support.DefaultListableBeanFactory - Returning cached instance of singleton bean 'autoConfigurationReport'
23:37:21.159 [Test worker] DEBUG org.springframework.beans.factory.support.DefaultListableBeanFactory - Returning cached instance of singleton bean 'autoConfigurationReport'
23:37:21.163 [Test worker] DEBUG org.springframework.beans.factory.support.DefaultListableBeanFactory - Returning cached instance of singleton bean 'autoConfigurationReport'
23:37:21.164 [Test worker] DEBUG org.springframework.beans.factory.support.DefaultListableBeanFactory - Returning cached instance of singleton bean 'autoConfigurationReport'
23:37:21.178 [Test worker] DEBUG org.springframework.beans.factory.support.DefaultListableBeanFactory - Returning cached instance of singleton bean 'autoConfigurationReport'
23:37:21.181 [Test worker] DEBUG org.springframework.beans.factory.support.DefaultListableBeanFactory - Returning cached instance of singleton bean 'autoConfigurationReport'
23:37:21.182 [Test worker] DEBUG org.springframework.beans.factory.support.DefaultListableBeanFactory - Returning cached instance of singleton bean 'autoConfigurationReport'
23:37:21.184 [Test worker] DEBUG org.springframework.beans.factory.support.DefaultListableBeanFactory - Returning cached instance of singleton bean 'autoConfigurationReport'
23:37:21.189 [Test worker] DEBUG org.springframework.beans.factory.support.DefaultListableBeanFactory - Returning cached instance of singleton bean 'autoConfigurationReport'
23:37:21.191 [Test worker] DEBUG org.springframework.beans.factory.support.DefaultListableBeanFactory - Returning cached instance of singleton bean 'autoConfigurationReport'
23:37:21.193 [Test worker] DEBUG org.springframework.beans.factory.support.DefaultListableBeanFactory - Returning cached instance of singleton bean 'autoConfigurationReport'
23:37:21.211 [Test worker] DEBUG org.springframework.beans.factory.support.DefaultListableBeanFactory - Returning cached instance of singleton bean 'autoConfigurationReport'
23:37:21.214 [Test worker] DEBUG org.springframework.beans.factory.support.DefaultListableBeanFactory - Returning cached instance of singleton bean 'autoConfigurationReport'
23:37:21.217 [Test worker] DEBUG org.springframework.beans.factory.support.DefaultListableBeanFactory - Returning cached instance of singleton bean 'autoConfigurationReport'
23:37:21.218 [Test worker] DEBUG org.springframework.beans.factory.support.DefaultListableBeanFactory - Returning cached instance of singleton bean 'autoConfigurationReport'
23:37:21.218 [Test worker] DEBUG org.springframework.beans.factory.support.DefaultListableBeanFactory - Returning cached instance of singleton bean 'autoConfigurationReport'
23:37:21.219 [Test worker] DEBUG org.springframework.beans.factory.support.DefaultListableBeanFactory - Returning cached instance of singleton bean 'autoConfigurationReport'
23:37:21.222 [Test worker] DEBUG org.springframework.beans.factory.support.DefaultListableBeanFactory - Returning cached instance of singleton bean 'autoConfigurationReport'
23:37:21.223 [Test worker] DEBUG org.springframework.beans.factory.support.DefaultListableBeanFactory - Returning cached instance of singleton bean 'autoConfigurationReport'
23:37:21.225 [Test worker] DEBUG org.springframework.beans.factory.support.DefaultListableBeanFactory - Returning cached instance of singleton bean 'autoConfigurationReport'
23:37:21.227 [Test worker] DEBUG org.springframework.beans.factory.support.DefaultListableBeanFactory - Returning cached instance of singleton bean 'autoConfigurationReport'
23:37:21.230 [Test worker] DEBUG org.springframework.beans.factory.support.DefaultListableBeanFactory - Returning cached instance of singleton bean 'autoConfigurationReport'
23:37:21.233 [Test worker] DEBUG org.springframework.beans.factory.support.DefaultListableBeanFactory - Returning cached instance of singleton bean 'autoConfigurationReport'
23:37:21.234 [Test worker] DEBUG org.springframework.beans.factory.support.DefaultListableBeanFactory - Returning cached instance of singleton bean 'autoConfigurationReport'
23:37:21.235 [Test worker] DEBUG org.springframework.beans.factory.support.DefaultListableBeanFactory - Returning cached instance of singleton bean 'autoConfigurationReport'
23:37:21.236 [Test worker] DEBUG org.springframework.beans.factory.support.DefaultListableBeanFactory - Returning cached instance of singleton bean 'autoConfigurationReport'
23:37:21.239 [Test worker] DEBUG org.springframework.beans.factory.support.DefaultListableBeanFactory - Returning cached instance of singleton bean 'autoConfigurationReport'
23:37:21.240 [Test worker] DEBUG org.springframework.beans.factory.support.DefaultListableBeanFactory - Returning cached instance of singleton bean 'autoConfigurationReport'
23:37:21.244 [Test worker] DEBUG org.springframework.beans.factory.support.DefaultListableBeanFactory - Returning cached instance of singleton bean 'autoConfigurationReport'
23:37:21.246 [Test worker] DEBUG org.springframework.beans.factory.support.DefaultListableBeanFactory - Returning cached instance of singleton bean 'autoConfigurationReport'
23:37:21.250 [Test worker] DEBUG org.springframework.beans.factory.support.DefaultListableBeanFactory - Returning cached instance of singleton bean 'autoConfigurationReport'
23:37:21.251 [Test worker] DEBUG org.springframework.beans.factory.support.DefaultListableBeanFactory - Returning cached instance of singleton bean 'autoConfigurationReport'
23:37:21.252 [Test worker] DEBUG org.springframework.beans.factory.support.DefaultListableBeanFactory - Returning cached instance of singleton bean 'autoConfigurationReport'
23:37:21.253 [Test worker] DEBUG org.springframework.beans.factory.support.DefaultListableBeanFactory - Returning cached instance of singleton bean 'autoConfigurationReport'
23:37:21.255 [Test worker] DEBUG org.springframework.beans.factory.support.DefaultListableBeanFactory - Returning cached instance of singleton bean 'autoConfigurationReport'
23:37:21.260 [Test worker] DEBUG org.springframework.beans.factory.support.DefaultListableBeanFactory - Returning cached instance of singleton bean 'autoConfigurationReport'
23:37:21.261 [Test worker] DEBUG org.springframework.beans.factory.support.DefaultListableBeanFactory - Returning cached instance of singleton bean 'autoConfigurationReport'
23:37:21.261 [Test worker] DEBUG org.springframework.beans.factory.support.DefaultListableBeanFactory - Returning cached instance of singleton bean 'autoConfigurationReport'
23:37:21.262 [Test worker] DEBUG org.springframework.beans.factory.support.DefaultListableBeanFactory - Returning cached instance of singleton bean 'autoConfigurationReport'
23:37:21.263 [Test worker] DEBUG org.springframework.beans.factory.support.DefaultListableBeanFactory - Returning cached instance of singleton bean 'autoConfigurationReport'
23:37:21.264 [Test worker] DEBUG org.springframework.beans.factory.support.DefaultListableBeanFactory - Returning cached instance of singleton bean 'autoConfigurationReport'
23:37:21.265 [Test worker] DEBUG org.springframework.beans.factory.support.DefaultListableBeanFactory - Returning cached instance of singleton bean 'autoConfigurationReport'
23:37:21.267 [Test worker] DEBUG org.springframework.beans.factory.support.DefaultListableBeanFactory - Returning cached instance of singleton bean 'autoConfigurationReport'
23:37:21.269 [Test worker] DEBUG org.springframework.beans.factory.support.DefaultListableBeanFactory - Returning cached instance of singleton bean 'autoConfigurationReport'
23:37:21.269 [Test worker] DEBUG org.springframework.beans.factory.support.DefaultListableBeanFactory - Returning cached instance of singleton bean 'autoConfigurationReport'
23:37:21.271 [Test worker] DEBUG org.springframework.beans.factory.support.DefaultListableBeanFactory - Returning cached instance of singleton bean 'autoConfigurationReport'
23:37:21.271 [Test worker] DEBUG org.springframework.beans.factory.support.DefaultListableBeanFactory - Returning cached instance of singleton bean 'autoConfigurationReport'
23:37:21.274 [Test worker] DEBUG org.springframework.beans.factory.support.DefaultListableBeanFactory - Returning cached instance of singleton bean 'autoConfigurationReport'
23:37:21.274 [Test worker] DEBUG org.springframework.beans.factory.support.DefaultListableBeanFactory - Returning cached instance of singleton bean 'autoConfigurationReport'
23:37:21.277 [Test worker] DEBUG org.springframework.beans.factory.support.DefaultListableBeanFactory - Returning cached instance of singleton bean 'autoConfigurationReport'
23:37:21.277 [Test worker] DEBUG org.springframework.beans.factory.support.DefaultListableBeanFactory - Returning cached instance of singleton bean 'autoConfigurationReport'
23:37:21.280 [Test worker] DEBUG org.springframework.beans.factory.support.DefaultListableBeanFactory - Returning cached instance of singleton bean 'autoConfigurationReport'
23:37:21.280 [Test worker] DEBUG org.springframework.beans.factory.support.DefaultListableBeanFactory - Returning cached instance of singleton bean 'autoConfigurationReport'
23:37:21.281 [Test worker] DEBUG org.springframework.beans.factory.support.DefaultListableBeanFactory - Returning cached instance of singleton bean 'autoConfigurationReport'
23:37:21.283 [Test worker] DEBUG org.springframework.beans.factory.support.DefaultListableBeanFactory - Returning cached instance of singleton bean 'autoConfigurationReport'
23:37:21.284 [Test worker] DEBUG org.springframework.beans.factory.support.DefaultListableBeanFactory - Returning cached instance of singleton bean 'autoConfigurationReport'
23:37:21.285 [Test worker] DEBUG org.springframework.beans.factory.support.DefaultListableBeanFactory - Returning cached instance of singleton bean 'autoConfigurationReport'
23:37:21.286 [Test worker] DEBUG org.springframework.beans.factory.support.DefaultListableBeanFactory - Returning cached instance of singleton bean 'autoConfigurationReport'
23:37:21.289 [Test worker] DEBUG org.springframework.beans.factory.support.DefaultListableBeanFactory - Returning cached instance of singleton bean 'autoConfigurationReport'
23:37:21.290 [Test worker] DEBUG org.springframework.beans.factory.support.DefaultListableBeanFactory - Returning cached instance of singleton bean 'autoConfigurationReport'
23:37:21.291 [Test worker] DEBUG org.springframework.beans.factory.support.DefaultListableBeanFactory - Returning cached instance of singleton bean 'autoConfigurationReport'
23:37:21.291 [Test worker] DEBUG org.springframework.beans.factory.support.DefaultListableBeanFactory - Returning cached instance of singleton bean 'autoConfigurationReport'
23:37:21.292 [Test worker] DEBUG org.springframework.beans.factory.support.DefaultListableBeanFactory - Returning cached instance of singleton bean 'autoConfigurationReport'
23:37:21.301 [Test worker] DEBUG org.springframework.beans.factory.support.DefaultListableBeanFactory - Returning cached instance of singleton bean 'autoConfigurationReport'
23:37:21.301 [Test worker] DEBUG org.springframework.beans.factory.support.DefaultListableBeanFactory - Returning cached instance of singleton bean 'autoConfigurationReport'
23:37:21.308 [Test worker] DEBUG org.springframework.beans.factory.support.DefaultListableBeanFactory - Returning cached instance of singleton bean 'autoConfigurationReport'
23:37:21.318 [Test worker] DEBUG org.springframework.beans.factory.support.DefaultListableBeanFactory - Returning cached instance of singleton bean 'autoConfigurationReport'
23:37:21.320 [Test worker] DEBUG org.springframework.beans.factory.support.DefaultListableBeanFactory - Returning cached instance of singleton bean 'autoConfigurationReport'
23:37:21.320 [Test worker] DEBUG org.springframework.beans.factory.support.DefaultListableBeanFactory - Returning cached instance of singleton bean 'autoConfigurationReport'
23:37:21.321 [Test worker] DEBUG org.springframework.beans.factory.support.DefaultListableBeanFactory - Returning cached instance of singleton bean 'autoConfigurationReport'
23:37:21.322 [Test worker] DEBUG org.springframework.beans.factory.support.DefaultListableBeanFactory - Returning cached instance of singleton bean 'autoConfigurationReport'
23:37:21.330 [Test worker] DEBUG org.springframework.beans.factory.support.DefaultListableBeanFactory - Returning cached instance of singleton bean 'autoConfigurationReport'
23:37:21.331 [Test worker] DEBUG org.springframework.beans.factory.support.DefaultListableBeanFactory - Returning cached instance of singleton bean 'autoConfigurationReport'
23:37:21.332 [Test worker] DEBUG org.springframework.beans.factory.support.DefaultListableBeanFactory - Returning cached instance of singleton bean 'autoConfigurationReport'
23:37:21.332 [Test worker] DEBUG org.springframework.beans.factory.support.DefaultListableBeanFactory - Returning cached instance of singleton bean 'autoConfigurationReport'
23:37:21.332 [Test worker] DEBUG org.springframework.beans.factory.support.DefaultListableBeanFactory - Returning cached instance of singleton bean 'autoConfigurationReport'
23:37:21.333 [Test worker] DEBUG org.springframework.beans.factory.support.DefaultListableBeanFactory - Returning cached instance of singleton bean 'autoConfigurationReport'
23:37:21.333 [Test worker] DEBUG org.springframework.beans.factory.support.DefaultListableBeanFactory - Returning cached instance of singleton bean 'autoConfigurationReport'
23:37:21.333 [Test worker] DEBUG org.springframework.beans.factory.support.DefaultListableBeanFactory - Returning cached instance of singleton bean 'autoConfigurationReport'
23:37:21.337 [Test worker] DEBUG org.springframework.beans.factory.support.DefaultListableBeanFactory - Returning cached instance of singleton bean 'autoConfigurationReport'
23:37:21.338 [Test worker] DEBUG org.springframework.beans.factory.support.DefaultListableBeanFactory - Returning cached instance of singleton bean 'autoConfigurationReport'
23:37:21.339 [Test worker] DEBUG org.springframework.beans.factory.support.DefaultListableBeanFactory - Returning cached instance of singleton bean 'autoConfigurationReport'
23:37:21.340 [Test worker] DEBUG org.springframework.beans.factory.support.DefaultListableBeanFactory - Returning cached instance of singleton bean 'autoConfigurationReport'
23:37:21.341 [Test worker] DEBUG org.springframework.beans.factory.support.DefaultListableBeanFactory - Returning cached instance of singleton bean 'autoConfigurationReport'
23:37:21.341 [Test worker] DEBUG org.springframework.beans.factory.support.DefaultListableBeanFactory - Returning cached instance of singleton bean 'autoConfigurationReport'
23:37:21.343 [Test worker] DEBUG org.springframework.beans.factory.support.DefaultListableBeanFactory - Returning cached instance of singleton bean 'autoConfigurationReport'
23:37:21.344 [Test worker] DEBUG org.springframework.beans.factory.support.DefaultListableBeanFactory - Returning cached instance of singleton bean 'autoConfigurationReport'
23:37:21.344 [Test worker] DEBUG org.springframework.beans.factory.support.DefaultListableBeanFactory - Returning cached instance of singleton bean 'autoConfigurationReport'
23:37:21.350 [Test worker] DEBUG org.springframework.core.env.PropertySourcesPropertyResolver - Could not find key 'server.port' in any property source
23:37:21.350 [Test worker] DEBUG org.springframework.core.env.PropertySourcesPropertyResolver - Could not find key 'management.server.port' in any property source
23:37:21.350 [Test worker] DEBUG org.springframework.beans.factory.support.DefaultListableBeanFactory - Returning cached instance of singleton bean 'autoConfigurationReport'
23:37:21.350 [Test worker] DEBUG org.springframework.core.env.PropertySourcesPropertyResolver - Could not find key 'server.port' in any property source
23:37:21.350 [Test worker] DEBUG org.springframework.core.env.PropertySourcesPropertyResolver - Could not find key 'management.server.port' in any property source
23:37:21.350 [Test worker] DEBUG org.springframework.beans.factory.support.DefaultListableBeanFactory - Returning cached instance of singleton bean 'autoConfigurationReport'
23:37:21.369 [Test worker] DEBUG org.springframework.beans.factory.support.DefaultListableBeanFactory - Returning cached instance of singleton bean 'autoConfigurationReport'
23:37:21.370 [Test worker] DEBUG org.springframework.beans.factory.support.DefaultListableBeanFactory - Returning cached instance of singleton bean 'autoConfigurationReport'
23:37:21.370 [Test worker] DEBUG org.springframework.beans.factory.support.DefaultListableBeanFactory - Returning cached instance of singleton bean 'autoConfigurationReport'
23:37:21.370 [Test worker] DEBUG org.springframework.beans.factory.support.DefaultListableBeanFactory - Returning cached instance of singleton bean 'autoConfigurationReport'
23:37:21.371 [Test worker] DEBUG org.springframework.beans.factory.support.DefaultListableBeanFactory - Returning cached instance of singleton bean 'autoConfigurationReport'
23:37:21.379 [Test worker] DEBUG org.springframework.context.annotation.ConfigurationClassBeanDefinitionReader - Registering bean definition for @Bean method sample.web.ui.SampleWebUiApplication.messageRepository()
23:37:21.380 [Test worker] DEBUG org.springframework.context.annotation.ConfigurationClassBeanDefinitionReader - Registering bean definition for @Bean method sample.web.ui.SampleWebUiApplication.messageConverter()
23:37:21.382 [Test worker] DEBUG org.springframework.context.annotation.ConfigurationClassBeanDefinitionReader - Registered bean definition for imported class 'org.springframework.boot.autoconfigure.context.PropertyPlaceholderAutoConfiguration'
23:37:21.388 [Test worker] DEBUG org.springframework.beans.factory.support.DefaultListableBeanFactory - Creating shared instance of singleton bean 'org.springframework.boot.autoconfigure.condition.BeanTypeRegistry'
23:37:21.388 [Test worker] DEBUG org.springframework.beans.factory.support.DefaultListableBeanFactory - Creating instance of bean 'org.springframework.boot.autoconfigure.condition.BeanTypeRegistry'
23:37:21.402 [Test worker] DEBUG org.springframework.beans.factory.support.DefaultListableBeanFactory - Eagerly caching bean 'org.springframework.boot.autoconfigure.condition.BeanTypeRegistry' to allow for resolving potential circular references
23:37:21.403 [Test worker] DEBUG org.springframework.beans.factory.support.DefaultListableBeanFactory - Finished creating instance of bean 'org.springframework.boot.autoconfigure.condition.BeanTypeRegistry'
23:37:21.409 [Test worker] DEBUG org.springframework.beans.factory.support.DefaultListableBeanFactory - Returning cached instance of singleton bean 'autoConfigurationReport'
23:37:21.409 [Test worker] DEBUG org.springframework.context.annotation.ConfigurationClassBeanDefinitionReader - Registering bean definition for @Bean method org.springframework.boot.autoconfigure.context.PropertyPlaceholderAutoConfiguration.propertySourcesPlaceholderConfigurer()
23:37:21.409 [Test worker] DEBUG org.springframework.beans.factory.support.DefaultListableBeanFactory - Returning cached instance of singleton bean 'autoConfigurationReport'
23:37:21.409 [Test worker] DEBUG org.springframework.beans.factory.support.DefaultListableBeanFactory - Returning cached instance of singleton bean 'autoConfigurationReport'
23:37:21.410 [Test worker] DEBUG org.springframework.beans.factory.support.DefaultListableBeanFactory - Returning cached instance of singleton bean 'autoConfigurationReport'
23:37:21.410 [Test worker] DEBUG org.springframework.context.annotation.ConfigurationClassBeanDefinitionReader - Registered bean definition for imported class 'org.springframework.boot.autoconfigure.websocket.servlet.WebSocketServletAutoConfiguration$TomcatWebSocketConfiguration'
23:37:21.410 [Test worker] DEBUG org.springframework.beans.factory.support.DefaultListableBeanFactory - Returning cached instance of singleton bean 'autoConfigurationReport'
23:37:21.410 [Test worker] DEBUG org.springframework.context.annotation.ConfigurationClassBeanDefinitionReader - Registering bean definition for @Bean method org.springframework.boot.autoconfigure.websocket.servlet.WebSocketServletAutoConfiguration$TomcatWebSocketConfiguration.websocketContainerCustomizer()
23:37:21.411 [Test worker] DEBUG org.springframework.context.annotation.ConfigurationClassBeanDefinitionReader - Registered bean definition for imported class 'org.springframework.boot.autoconfigure.websocket.servlet.WebSocketServletAutoConfiguration'
23:37:21.411 [Test worker] DEBUG org.springframework.beans.factory.support.DefaultListableBeanFactory - Returning cached instance of singleton bean 'autoConfigurationReport'
23:37:21.412 [Test worker] DEBUG org.springframework.beans.factory.support.DefaultListableBeanFactory - Returning cached instance of singleton bean 'autoConfigurationReport'
23:37:21.412 [Test worker] DEBUG org.springframework.beans.factory.support.DefaultListableBeanFactory - Returning cached instance of singleton bean 'autoConfigurationReport'
23:37:21.413 [Test worker] DEBUG org.springframework.beans.factory.support.DefaultListableBeanFactory - Returning cached instance of singleton bean 'org.springframework.boot.autoconfigure.condition.BeanTypeRegistry'
23:37:21.415 [Test worker] DEBUG org.springframework.beans.factory.support.DefaultListableBeanFactory - Returning cached instance of singleton bean 'autoConfigurationReport'
23:37:21.416 [Test worker] DEBUG org.springframework.context.annotation.ConfigurationClassBeanDefinitionReader - Registered bean definition for imported class 'org.springframework.boot.autoconfigure.web.servlet.ServletWebServerFactoryConfiguration$EmbeddedTomcat'
23:37:21.416 [Test worker] DEBUG org.springframework.context.annotation.ConfigurationClassBeanDefinitionReader - Registering bean definition for @Bean method org.springframework.boot.autoconfigure.web.servlet.ServletWebServerFactoryConfiguration$EmbeddedTomcat.tomcatServletWebServerFactory()
23:37:21.419 [Test worker] DEBUG org.springframework.context.annotation.ConfigurationClassBeanDefinitionReader - Registered bean definition for imported class 'org.springframework.boot.autoconfigure.web.servlet.ServletWebServerFactoryAutoConfiguration'
23:37:21.419 [Test worker] DEBUG org.springframework.context.annotation.ConfigurationClassBeanDefinitionReader - Registering bean definition for @Bean method org.springframework.boot.autoconfigure.web.servlet.ServletWebServerFactoryAutoConfiguration.servletWebServerFactoryCustomizer()
23:37:21.419 [Test worker] DEBUG org.springframework.beans.factory.support.DefaultListableBeanFactory - Returning cached instance of singleton bean 'autoConfigurationReport'
23:37:21.419 [Test worker] DEBUG org.springframework.context.annotation.ConfigurationClassBeanDefinitionReader - Registering bean definition for @Bean method org.springframework.boot.autoconfigure.web.servlet.ServletWebServerFactoryAutoConfiguration.tomcatServletWebServerFactoryCustomizer()
23:37:21.433 [Test worker] DEBUG org.springframework.beans.factory.support.DefaultListableBeanFactory - Returning cached instance of singleton bean 'autoConfigurationReport'
23:37:21.433 [Test worker] DEBUG org.springframework.beans.factory.support.DefaultListableBeanFactory - Returning cached instance of singleton bean 'autoConfigurationReport'
23:37:21.433 [Test worker] DEBUG org.springframework.beans.factory.support.DefaultListableBeanFactory - Returning cached instance of singleton bean 'autoConfigurationReport'
23:37:21.434 [Test worker] DEBUG org.springframework.beans.factory.support.DefaultListableBeanFactory - Returning cached instance of singleton bean 'autoConfigurationReport'
23:37:21.434 [Test worker] DEBUG org.springframework.beans.factory.support.DefaultListableBeanFactory - Returning cached instance of singleton bean 'autoConfigurationReport'
23:37:21.435 [Test worker] DEBUG org.springframework.beans.factory.support.DefaultListableBeanFactory - Returning cached instance of singleton bean 'autoConfigurationReport'
23:37:21.436 [Test worker] DEBUG org.springframework.context.annotation.ConfigurationClassBeanDefinitionReader - Registered bean definition for imported class 'org.springframework.boot.autoconfigure.web.servlet.DispatcherServletAutoConfiguration$DispatcherServletConfiguration'
23:37:21.436 [Test worker] DEBUG org.springframework.context.annotation.ConfigurationClassBeanDefinitionReader - Registering bean definition for @Bean method org.springframework.boot.autoconfigure.web.servlet.DispatcherServletAutoConfiguration$DispatcherServletConfiguration.dispatcherServlet()
23:37:21.436 [Test worker] DEBUG org.springframework.beans.factory.support.DefaultListableBeanFactory - Returning cached instance of singleton bean 'org.springframework.boot.autoconfigure.condition.BeanTypeRegistry'
23:37:21.438 [Test worker] DEBUG org.springframework.beans.factory.support.DefaultListableBeanFactory - Returning cached instance of singleton bean 'autoConfigurationReport'
23:37:21.438 [Test worker] DEBUG org.springframework.context.annotation.ConfigurationClassBeanDefinitionReader - Registering bean definition for @Bean method org.springframework.boot.autoconfigure.web.servlet.DispatcherServletAutoConfiguration$DispatcherServletConfiguration.mainDispatcherServletPathProvider()
23:37:21.439 [Test worker] DEBUG org.springframework.context.annotation.ConfigurationClassBeanDefinitionReader - Registered bean definition for imported class 'org.springframework.boot.autoconfigure.web.servlet.DispatcherServletAutoConfiguration$DispatcherServletRegistrationConfiguration'
23:37:21.439 [Test worker] DEBUG org.springframework.beans.factory.support.DefaultListableBeanFactory - Returning cached instance of singleton bean 'org.springframework.boot.autoconfigure.condition.BeanTypeRegistry'
23:37:21.440 [Test worker] DEBUG org.springframework.beans.factory.support.DefaultListableBeanFactory - Returning cached instance of singleton bean 'autoConfigurationReport'
23:37:21.441 [Test worker] DEBUG org.springframework.context.annotation.ConfigurationClassBeanDefinitionReader - Registering bean definition for @Bean method org.springframework.boot.autoconfigure.web.servlet.DispatcherServletAutoConfiguration$DispatcherServletRegistrationConfiguration.dispatcherServletRegistration()
23:37:21.441 [Test worker] DEBUG org.springframework.context.annotation.ConfigurationClassBeanDefinitionReader - Registered bean definition for imported class 'org.springframework.boot.autoconfigure.web.servlet.DispatcherServletAutoConfiguration'
23:37:21.442 [Test worker] DEBUG org.springframework.beans.factory.support.DefaultListableBeanFactory - Returning cached instance of singleton bean 'autoConfigurationReport'
23:37:21.442 [Test worker] DEBUG org.springframework.beans.factory.support.DefaultListableBeanFactory - Returning cached instance of singleton bean 'autoConfigurationReport'
23:37:21.443 [Test worker] DEBUG org.springframework.context.annotation.ConfigurationClassBeanDefinitionReader - Registered bean definition for imported class 'org.springframework.boot.autoconfigure.validation.ValidationAutoConfiguration'
23:37:21.443 [Test worker] DEBUG org.springframework.beans.factory.support.DefaultListableBeanFactory - Returning cached instance of singleton bean 'org.springframework.boot.autoconfigure.condition.BeanTypeRegistry'
23:37:21.445 [Test worker] DEBUG org.springframework.beans.factory.support.DefaultListableBeanFactory - Returning cached instance of singleton bean 'autoConfigurationReport'
23:37:21.446 [Test worker] DEBUG org.springframework.context.annotation.ConfigurationClassBeanDefinitionReader - Registering bean definition for @Bean method org.springframework.boot.autoconfigure.validation.ValidationAutoConfiguration.defaultValidator()
23:37:21.449 [Test worker] DEBUG org.springframework.beans.factory.support.DefaultListableBeanFactory - Returning cached instance of singleton bean 'org.springframework.boot.autoconfigure.condition.BeanTypeRegistry'
23:37:21.453 [Test worker] DEBUG org.springframework.beans.factory.support.DefaultListableBeanFactory - Returning cached instance of singleton bean 'autoConfigurationReport'
23:37:21.453 [Test worker] DEBUG org.springframework.context.annotation.ConfigurationClassBeanDefinitionReader - Registering bean definition for @Bean method org.springframework.boot.autoconfigure.validation.ValidationAutoConfiguration.methodValidationPostProcessor()
23:37:21.454 [Test worker] DEBUG org.springframework.beans.factory.support.DefaultListableBeanFactory - Returning cached instance of singleton bean 'autoConfigurationReport'
23:37:21.454 [Test worker] DEBUG org.springframework.beans.factory.support.DefaultListableBeanFactory - Returning cached instance of singleton bean 'autoConfigurationReport'
23:37:21.454 [Test worker] DEBUG org.springframework.beans.factory.support.DefaultListableBeanFactory - Returning cached instance of singleton bean 'autoConfigurationReport'
23:37:21.455 [Test worker] DEBUG org.springframework.core.env.PropertySourcesPropertyResolver - Could not find key 'spring.template.provider.cache' in any property source
23:37:21.457 [Test worker] DEBUG org.springframework.core.env.PropertySourcesPropertyResolver - Could not find key 'spring.thymeleaf.prefix' in any property source
23:37:21.457 [Test worker] DEBUG org.springframework.core.env.PropertySourcesPropertyResolver - Could not find key 'spring.thymeleaf.suffix' in any property source
23:37:21.459 [Test worker] DEBUG org.springframework.beans.factory.support.DefaultListableBeanFactory - Returning cached instance of singleton bean 'autoConfigurationReport'
23:37:21.459 [Test worker] DEBUG org.springframework.context.annotation.ConfigurationClassBeanDefinitionReader - Registered bean definition for imported class 'org.springframework.boot.autoconfigure.web.servlet.error.ErrorMvcAutoConfiguration$WhitelabelErrorViewConfiguration'
23:37:21.460 [Test worker] DEBUG org.springframework.beans.factory.support.DefaultListableBeanFactory - Returning cached instance of singleton bean 'autoConfigurationReport'
23:37:21.460 [Test worker] DEBUG org.springframework.context.annotation.ConfigurationClassBeanDefinitionReader - Registering bean definition for @Bean method org.springframework.boot.autoconfigure.web.servlet.error.ErrorMvcAutoConfiguration$WhitelabelErrorViewConfiguration.error()
[...]
23:37:27.789 [Test worker] INFO org.springframework.mock.web.MockServletContext - Initializing Spring FrameworkServlet ''
23:37:27.789 [Test worker] INFO org.springframework.test.web.servlet.TestDispatcherServlet - FrameworkServlet '': initialization started
23:37:27.789 [Test worker] DEBUG org.springframework.beans.factory.support.DefaultListableBeanFactory - Returning cached instance of singleton bean 'multipartResolver'
23:37:27.789 [Test worker] DEBUG org.springframework.test.web.servlet.TestDispatcherServlet - Using MultipartResolver [org.springframework.web.multipart.support.StandardServletMultipartResolver@4316397d]
23:37:27.789 [Test worker] DEBUG org.springframework.beans.factory.support.DefaultListableBeanFactory - Creating instance of bean 'org.springframework.web.servlet.i18n.AcceptHeaderLocaleResolver'
23:37:27.790 [Test worker] DEBUG org.springframework.beans.factory.support.DefaultListableBeanFactory - Finished creating instance of bean 'org.springframework.web.servlet.i18n.AcceptHeaderLocaleResolver'
23:37:27.790 [Test worker] DEBUG org.springframework.test.web.servlet.TestDispatcherServlet - Unable to locate LocaleResolver with name 'localeResolver': using default [org.springframework.web.servlet.i18n.AcceptHeaderLocaleResolver@4f9df22]
23:37:27.790 [Test worker] DEBUG org.springframework.beans.factory.support.DefaultListableBeanFactory - Creating instance of bean 'org.springframework.web.servlet.theme.FixedThemeResolver'
23:37:27.790 [Test worker] DEBUG org.springframework.beans.factory.support.DefaultListableBeanFactory - Finished creating instance of bean 'org.springframework.web.servlet.theme.FixedThemeResolver'
23:37:27.790 [Test worker] DEBUG org.springframework.test.web.servlet.TestDispatcherServlet - Unable to locate ThemeResolver with name 'themeResolver': using default [org.springframework.web.servlet.theme.FixedThemeResolver@59b459b4]
23:37:27.791 [Test worker] DEBUG org.springframework.beans.factory.support.DefaultListableBeanFactory - Returning cached instance of singleton bean 'faviconHandlerMapping'
23:37:27.791 [Test worker] DEBUG org.springframework.beans.factory.support.DefaultListableBeanFactory - Returning cached instance of singleton bean 'requestMappingHandlerMapping'
23:37:27.791 [Test worker] DEBUG org.springframework.beans.factory.support.DefaultListableBeanFactory - Returning cached instance of singleton bean 'viewControllerHandlerMapping'
23:37:27.791 [Test worker] DEBUG org.springframework.beans.factory.support.DefaultListableBeanFactory - Returning cached instance of singleton bean 'beanNameHandlerMapping'
23:37:27.791 [Test worker] DEBUG org.springframework.beans.factory.support.DefaultListableBeanFactory - Returning cached instance of singleton bean 'resourceHandlerMapping'
23:37:27.791 [Test worker] DEBUG org.springframework.beans.factory.support.DefaultListableBeanFactory - Returning cached instance of singleton bean 'defaultServletHandlerMapping'
23:37:27.791 [Test worker] DEBUG org.springframework.beans.factory.support.DefaultListableBeanFactory - Returning cached instance of singleton bean 'welcomePageHandlerMapping'
23:37:27.791 [Test worker] DEBUG org.springframework.beans.factory.support.DefaultListableBeanFactory - Returning cached instance of singleton bean 'webEndpointServletHandlerMapping'
23:37:27.791 [Test worker] DEBUG org.springframework.beans.factory.support.DefaultListableBeanFactory - Returning cached instance of singleton bean 'controllerEndpointHandlerMapping'
23:37:27.791 [Test worker] DEBUG org.springframework.beans.factory.support.DefaultListableBeanFactory - Returning cached instance of singleton bean 'requestMappingHandlerAdapter'
23:37:27.791 [Test worker] DEBUG org.springframework.beans.factory.support.DefaultListableBeanFactory - Returning cached instance of singleton bean 'httpRequestHandlerAdapter'
23:37:27.792 [Test worker] DEBUG org.springframework.beans.factory.support.DefaultListableBeanFactory - Returning cached instance of singleton bean 'simpleControllerHandlerAdapter'
23:37:27.792 [Test worker] DEBUG org.springframework.beans.factory.support.DefaultListableBeanFactory - Returning cached instance of singleton bean 'errorAttributes'
23:37:27.793 [Test worker] DEBUG org.springframework.beans.factory.support.DefaultListableBeanFactory - Returning cached instance of singleton bean 'handlerExceptionResolver'
23:37:27.793 [Test worker] DEBUG org.springframework.beans.factory.support.DefaultListableBeanFactory - Creating instance of bean 'org.springframework.web.servlet.view.DefaultRequestToViewNameTranslator'
23:37:27.793 [Test worker] DEBUG org.springframework.beans.factory.support.DefaultListableBeanFactory - Finished creating instance of bean 'org.springframework.web.servlet.view.DefaultRequestToViewNameTranslator'
23:37:27.793 [Test worker] DEBUG org.springframework.test.web.servlet.TestDispatcherServlet - Unable to locate RequestToViewNameTranslator with name 'viewNameTranslator': using default [org.springframework.web.servlet.view.DefaultRequestToViewNameTranslator@154dd6c]
23:37:27.794 [Test worker] DEBUG org.springframework.beans.factory.support.DefaultListableBeanFactory - Returning cached instance of singleton bean 'beanNameViewResolver'
23:37:27.794 [Test worker] DEBUG org.springframework.beans.factory.support.DefaultListableBeanFactory - Returning cached instance of singleton bean 'mvcViewResolver'
23:37:27.794 [Test worker] DEBUG org.springframework.beans.factory.support.DefaultListableBeanFactory - Returning cached instance of singleton bean 'defaultViewResolver'
23:37:27.794 [Test worker] DEBUG org.springframework.beans.factory.support.DefaultListableBeanFactory - Returning cached instance of singleton bean 'viewResolver'
23:37:27.794 [Test worker] DEBUG org.springframework.beans.factory.support.DefaultListableBeanFactory - Returning cached instance of singleton bean 'thymeleafViewResolver'
23:37:27.794 [Test worker] DEBUG org.springframework.beans.factory.support.DefaultListableBeanFactory - Creating instance of bean 'org.springframework.web.servlet.support.SessionFlashMapManager'
23:37:27.794 [Test worker] DEBUG org.springframework.beans.factory.support.DefaultListableBeanFactory - Finished creating instance of bean 'org.springframework.web.servlet.support.SessionFlashMapManager'
23:37:27.794 [Test worker] DEBUG org.springframework.test.web.servlet.TestDispatcherServlet - Unable to locate FlashMapManager with name 'flashMapManager': using default [org.springframework.web.servlet.support.SessionFlashMapManager@58fa5c4b]
23:37:27.794 [Test worker] DEBUG org.springframework.test.web.servlet.TestDispatcherServlet - Published WebApplicationContext of servlet '' as ServletContext attribute with name [org.springframework.web.servlet.FrameworkServlet.CONTEXT.]
23:37:27.794 [Test worker] INFO org.springframework.test.web.servlet.TestDispatcherServlet - FrameworkServlet '': initialization completed in 5 ms
23:37:27.794 [Test worker] DEBUG org.springframework.test.web.servlet.TestDispatcherServlet - Servlet '' configured successfully
23:37:27.795 [Test worker] DEBUG org.springframework.test.web.servlet.TestDispatcherServlet - DispatcherServlet with name '' processing POST request for [/]
23:37:27.795 [Test worker] DEBUG org.springframework.boot.actuate.endpoint.web.servlet.WebMvcEndpointHandlerMapping - Looking up handler method for path /
23:37:27.795 [Test worker] DEBUG org.springframework.boot.actuate.endpoint.web.servlet.WebMvcEndpointHandlerMapping - Did not find handler method for [/]
23:37:27.795 [Test worker] DEBUG org.springframework.boot.actuate.endpoint.web.servlet.ControllerEndpointHandlerMapping - Looking up handler method for path /
23:37:27.795 [Test worker] DEBUG org.springframework.boot.actuate.endpoint.web.servlet.ControllerEndpointHandlerMapping - Did not find handler method for [/]
23:37:27.795 [Test worker] DEBUG org.springframework.web.servlet.mvc.method.annotation.RequestMappingHandlerMapping - Looking up handler method for path /
23:37:27.795 [Test worker] DEBUG org.springframework.web.servlet.mvc.method.annotation.RequestMappingHandlerMapping - Returning handler method [public org.springframework.web.servlet.ModelAndView sample.web.ui.mvc.MessageController.create(sample.web.ui.Message,org.springframework.validation.BindingResult,org.springframework.web.servlet.mvc.support.RedirectAttributes)]
23:37:27.795 [Test worker] DEBUG org.springframework.beans.factory.support.DefaultListableBeanFactory - Returning cached instance of singleton bean 'messageController'
23:37:27.796 [Test worker] DEBUG org.springframework.core.annotation.AnnotationUtils - Failed to meta-introspect annotation class com.sun.proxy.$Proxy101: java.lang.NoSuchMethodException: javax.validation.Valid.value()
23:37:27.797 [Test worker] DEBUG org.springframework.web.servlet.view.ContentNegotiatingViewResolver - Requested media types are [*/*] based on Accept header types and producible media types [*/*])
23:37:27.797 [Test worker] DEBUG org.springframework.web.servlet.view.BeanNameViewResolver - No matching bean found for view name 'redirect:/{message.id}'
23:37:27.798 [Test worker] DEBUG org.springframework.beans.factory.support.DefaultListableBeanFactory - Invoking afterPropertiesSet() on bean with name 'redirect:/{message.id}'
23:37:27.798 [Test worker] DEBUG org.springframework.beans.factory.support.DefaultListableBeanFactory - Invoking afterPropertiesSet() on bean with name 'redirect:/{message.id}'
23:37:27.798 [Test worker] DEBUG org.springframework.web.servlet.view.ContentNegotiatingViewResolver - Returning redirect view [org.springframework.web.servlet.view.RedirectView: name 'redirect:/{message.id}'; URL [/{message.id}]]
23:37:27.798 [Test worker] DEBUG org.springframework.test.web.servlet.TestDispatcherServlet - Rendering view [org.springframework.web.servlet.view.RedirectView: name 'redirect:/{message.id}'; URL [/{message.id}]] in DispatcherServlet with name ''
23:37:27.799 [Test worker] DEBUG org.springframework.beans.factory.support.DefaultListableBeanFactory - Returning cached instance of singleton bean 'requestDataValueProcessor'
23:37:27.800 [Test worker] DEBUG org.springframework.web.servlet.support.SessionFlashMapManager - Saving FlashMap=FlashMap [attributes={globalMessage=Successfully created a new message}, targetRequestPath=/1, targetRequestParams={}]
23:37:27.802 [Test worker] DEBUG org.springframework.test.web.servlet.TestDispatcherServlet - Successfully completed request
23:37:27.805 [Test worker] DEBUG org.springframework.test.context.cache.DefaultCacheAwareContextLoaderDelegate - Retrieved ApplicationContext from cache with key [[WebMergedContextConfiguration@36609bfd testClass = MessageControllerWebTests, locations = '{}', classes = '{class sample.web.ui.SampleWebUiApplication}', contextInitializerClasses = '[]', activeProfiles = '{}', propertySourceLocations = '{}', propertySourceProperties = '{}', contextCustomizers = set[org.springframework.boot.test.autoconfigure.properties.PropertyMappingContextCustomizer@0, org.springframework.boot.test.autoconfigure.web.servlet.WebDriverContextCustomizerFactory$Customizer@7ac6650a, org.springframework.boot.test.context.filter.ExcludeFilterContextCustomizer@4cc6b88c, org.springframework.boot.test.json.DuplicateJsonObjectContextCustomizerFactory$DuplicateJsonObjectContextCustomizer@705e33dc, org.springframework.boot.test.mock.mockito.MockitoContextCustomizer@0, org.springframework.test.context.web.socket.MockServerContainerContextCustomizer@29aa8d8c], resourceBasePath = 'src/main/webapp', contextLoader = 'org.springframework.test.context.web.WebDelegatingSmartContextLoader', parent = [null]]]
23:37:27.805 [Test worker] DEBUG org.springframework.test.context.cache - Spring test ApplicationContext cache statistics: [DefaultContextCache@75c2fbed size = 1, maxSize = 32, parentContextCount = 0, hitCount = 15, missCount = 1]
23:37:27.805 [Test worker] DEBUG org.springframework.beans.factory.support.DefaultListableBeanFactory - Returning cached instance of singleton bean 'org.springframework.boot.test.mock.mockito.MockitoBeans'
23:37:27.806 [Test worker] DEBUG org.springframework.test.context.cache.DefaultCacheAwareContextLoaderDelegate - Retrieved ApplicationContext from cache with key [[WebMergedContextConfiguration@36609bfd testClass = MessageControllerWebTests, locations = '{}', classes = '{class sample.web.ui.SampleWebUiApplication}', contextInitializerClasses = '[]', activeProfiles = '{}', propertySourceLocations = '{}', propertySourceProperties = '{}', contextCustomizers = set[org.springframework.boot.test.autoconfigure.properties.PropertyMappingContextCustomizer@0, org.springframework.boot.test.autoconfigure.web.servlet.WebDriverContextCustomizerFactory$Customizer@7ac6650a, org.springframework.boot.test.context.filter.ExcludeFilterContextCustomizer@4cc6b88c, org.springframework.boot.test.json.DuplicateJsonObjectContextCustomizerFactory$DuplicateJsonObjectContextCustomizer@705e33dc, org.springframework.boot.test.mock.mockito.MockitoContextCustomizer@0, org.springframework.test.context.web.socket.MockServerContainerContextCustomizer@29aa8d8c], resourceBasePath = 'src/main/webapp', contextLoader = 'org.springframework.test.context.web.WebDelegatingSmartContextLoader', parent = [null]]]
23:37:27.806 [Test worker] DEBUG org.springframework.test.context.cache - Spring test ApplicationContext cache statistics: [DefaultContextCache@75c2fbed size = 1, maxSize = 32, parentContextCount = 0, hitCount = 16, missCount = 1]
23:37:27.806 [Test worker] DEBUG org.springframework.test.context.cache.DefaultCacheAwareContextLoaderDelegate - Retrieved ApplicationContext from cache with key [[WebMergedContextConfiguration@36609bfd testClass = MessageControllerWebTests, locations = '{}', classes = '{class sample.web.ui.SampleWebUiApplication}', contextInitializerClasses = '[]', activeProfiles = '{}', propertySourceLocations = '{}', propertySourceProperties = '{}', contextCustomizers = set[org.springframework.boot.test.autoconfigure.properties.PropertyMappingContextCustomizer@0, org.springframework.boot.test.autoconfigure.web.servlet.WebDriverContextCustomizerFactory$Customizer@7ac6650a, org.springframework.boot.test.context.filter.ExcludeFilterContextCustomizer@4cc6b88c, org.springframework.boot.test.json.DuplicateJsonObjectContextCustomizerFactory$DuplicateJsonObjectContextCustomizer@705e33dc, org.springframework.boot.test.mock.mockito.MockitoContextCustomizer@0, org.springframework.test.context.web.socket.MockServerContainerContextCustomizer@29aa8d8c], resourceBasePath = 'src/main/webapp', contextLoader = 'org.springframework.test.context.web.WebDelegatingSmartContextLoader', parent = [null]]]
23:37:27.806 [Test worker] DEBUG org.springframework.test.context.cache - Spring test ApplicationContext cache statistics: [DefaultContextCache@75c2fbed size = 1, maxSize = 32, parentContextCount = 0, hitCount = 17, missCount = 1]
23:37:27.808 [Test worker] DEBUG org.springframework.test.context.support.AbstractDirtiesContextTestExecutionListener - After test method: context [DefaultTestContext@1246dee testClass = MessageControllerWebTests, testInstance = sample.web.ui.MessageControllerWebTests@4bc27f59, testMethod = testCreate@MessageControllerWebTests, testException = [null], mergedContextConfiguration = [WebMergedContextConfiguration@36609bfd testClass = MessageControllerWebTests, locations = '{}', classes = '{class sample.web.ui.SampleWebUiApplication}', contextInitializerClasses = '[]', activeProfiles = '{}', propertySourceLocations = '{}', propertySourceProperties = '{}', contextCustomizers = set[org.springframework.boot.test.autoconfigure.properties.PropertyMappingContextCustomizer@0, org.springframework.boot.test.autoconfigure.web.servlet.WebDriverContextCustomizerFactory$Customizer@7ac6650a, org.springframework.boot.test.context.filter.ExcludeFilterContextCustomizer@4cc6b88c, org.springframework.boot.test.json.DuplicateJsonObjectContextCustomizerFactory$DuplicateJsonObjectContextCustomizer@705e33dc, org.springframework.boot.test.mock.mockito.MockitoContextCustomizer@0, org.springframework.test.context.web.socket.MockServerContainerContextCustomizer@29aa8d8c], resourceBasePath = 'src/main/webapp', contextLoader = 'org.springframework.test.context.web.WebDelegatingSmartContextLoader', parent = [null]], attributes = map['org.springframework.test.context.web.ServletTestExecutionListener.populatedRequestContextHolder' -> true, 'org.springframework.test.context.web.ServletTestExecutionListener.resetRequestContextHolder' -> true]], class annotated with @DirtiesContext [false] with mode [null], method annotated with @DirtiesContext [false] with mode [null].
23:37:27.809 [Test worker] DEBUG org.springframework.test.context.web.ServletTestExecutionListener - Resetting RequestContextHolder for test context [DefaultTestContext@1246dee testClass = MessageControllerWebTests, testInstance = sample.web.ui.MessageControllerWebTests@4bc27f59, testMethod = testCreate@MessageControllerWebTests, testException = [null], mergedContextConfiguration = [WebMergedContextConfiguration@36609bfd testClass = MessageControllerWebTests, locations = '{}', classes = '{class sample.web.ui.SampleWebUiApplication}', contextInitializerClasses = '[]', activeProfiles = '{}', propertySourceLocations = '{}', propertySourceProperties = '{}', contextCustomizers = set[org.springframework.boot.test.autoconfigure.properties.PropertyMappingContextCustomizer@0, org.springframework.boot.test.autoconfigure.web.servlet.WebDriverContextCustomizerFactory$Customizer@7ac6650a, org.springframework.boot.test.context.filter.ExcludeFilterContextCustomizer@4cc6b88c, org.springframework.boot.test.json.DuplicateJsonObjectContextCustomizerFactory$DuplicateJsonObjectContextCustomizer@705e33dc, org.springframework.boot.test.mock.mockito.MockitoContextCustomizer@0, org.springframework.test.context.web.socket.MockServerContainerContextCustomizer@29aa8d8c], resourceBasePath = 'src/main/webapp', contextLoader = 'org.springframework.test.context.web.WebDelegatingSmartContextLoader', parent = [null]], attributes = map['org.springframework.test.context.web.ServletTestExecutionListener.populatedRequestContextHolder' -> true, 'org.springframework.test.context.web.ServletTestExecutionListener.resetRequestContextHolder' -> true]].
23:37:27.809 [Test worker] DEBUG org.springframework.test.context.support.AbstractDirtiesContextTestExecutionListener - After test class: context [DefaultTestContext@1246dee testClass = MessageControllerWebTests, testInstance = [null], testMethod = [null], testException = [null], mergedContextConfiguration = [WebMergedContextConfiguration@36609bfd testClass = MessageControllerWebTests, locations = '{}', classes = '{class sample.web.ui.SampleWebUiApplication}', contextInitializerClasses = '[]', activeProfiles = '{}', propertySourceLocations = '{}', propertySourceProperties = '{}', contextCustomizers = set[org.springframework.boot.test.autoconfigure.properties.PropertyMappingContextCustomizer@0, org.springframework.boot.test.autoconfigure.web.servlet.WebDriverContextCustomizerFactory$Customizer@7ac6650a, org.springframework.boot.test.context.filter.ExcludeFilterContextCustomizer@4cc6b88c, org.springframework.boot.test.json.DuplicateJsonObjectContextCustomizerFactory$DuplicateJsonObjectContextCustomizer@705e33dc, org.springframework.boot.test.mock.mockito.MockitoContextCustomizer@0, org.springframework.test.context.web.socket.MockServerContainerContextCustomizer@29aa8d8c], resourceBasePath = 'src/main/webapp', contextLoader = 'org.springframework.test.context.web.WebDelegatingSmartContextLoader', parent = [null]], attributes = map['org.springframework.test.context.support.DependencyInjectionTestExecutionListener.reinjectDependencies' -> true]], class annotated with @DirtiesContext [false] with mode [null].
]]></system-out>
  <system-err><![CDATA[]]></system-err>
</testsuite>
